[    2648ms] [ERROR] Failed to load resource: the server responded with a status of 500 (Internal Server Error) @ http://localhost:3000/login:0
[    2920ms] [INFO] %cDownload the React DevTools for a better development experience: https://react.dev/link/react-devtools font-weight:bold @ http://localhost:3000/_next/static/chunks/node_modules_react-dom_0kla17-._.js:15305
[    3064ms] TypeError: Cannot read properties of undefined (reading 'replace')
    at module evaluation (file://E:\Demo Website\Electricity Bill\electricity-management\.next\dev\server\edge\chunks\node_modules_mariadb_1pwlvro._.js:116:44)
    at <unknown> (file://E:\Demo Website\Electricity Bill\electricity-management\.next\dev\server\edge\chunks\turbopack-node_modules_next_dist_esm_build_templates_edge-wrapper_0avivfl.js:1307:27)
    at runModuleExecutionHooks (file://E:\Demo Website\Electricity Bill\electricity-management\.next\dev\server\edge\chunks\turbopack-node_modules_next_dist_esm_build_templates_edge-wrapper_0avivfl.js:1649:9)
    at instantiateModuleShared (file://E:\Demo Website\Electricity Bill\electricity-management\.next\dev\server\edge\chunks\turbopack-node_modules_next_dist_esm_build_templates_edge-wrapper_0avivfl.js:1305:9)
    at instantiateModule (file://E:\Demo Website\Electricity Bill\electricity-management\.next\dev\server\edge\chunks\turbopack-node_modules_next_dist_esm_build_templates_edge-wrapper_0avivfl.js:1621:12)
    at getOrInstantiateModuleFromParent (file://E:\Demo Website\Electricity Bill\electricity-management\.next\dev\server\edge\chunks\turbopack-node_modules_next_dist_esm_build_templates_edge-wrapper_0avivfl.js:1604:12)
    at DevContext.commonJsRequire [as r] (file://E:\Demo Website\Electricity Bill\electricity-management\.next\dev\server\edge\chunks\turbopack-node_modules_next_dist_esm_build_templates_edge-wrapper_0avivfl.js:299:12)
    at module evaluation (file://E:\Demo Website\Electricity Bill\electricity-management\.next\dev\server\edge\chunks\node_modules_mariadb_1pwlvro._.js:15721:23)
    at <unknown> (file://E:\Demo Website\Electricity Bill\electricity-management\.next\dev\server\edge\chunks\turbopack-node_modules_next_dist_esm_build_templates_edge-wrapper_0avivfl.js:1307:27)
    at runModuleExecutionHooks (file://E:\Demo Website\Electricity Bill\electricity-management\.next\dev\server\edge\chunks\turbopack-node_modules_next_dist_esm_build_templates_edge-wrapper_0avivfl.js:1649:9)
[    3040ms] [LOG] [HMR] connected @ http://localhost:3000/_next/static/chunks/node_modules_next_dist_1gdrd03._.js:1226
[  136236ms] [LOG] [Fast Refresh] rebuilding @ http://localhost:3000/_next/static/chunks/node_modules_next_dist_1gdrd03._.js:1226
[  136336ms] [LOG] [Fast Refresh] done in 195ms @ http://localhost:3000/_next/static/chunks/node_modules_next_dist_1gdrd03._.js:1226
[  136615ms] [ERROR] Failed to load resource: the server responded with a status of 500 (Internal Server Error) @ http://localhost:3000/login:0
[  136911ms] [INFO] %cDownload the React DevTools for a better development experience: https://react.dev/link/react-devtools font-weight:bold @ http://localhost:3000/_next/static/chunks/node_modules_react-dom_0kla17-._.js:15305
[  136927ms] TypeError: Cannot read properties of undefined (reading 'replace')
    at module evaluation (file://E:\Demo Website\Electricity Bill\electricity-management\.next\dev\server\edge\chunks\node_modules_mariadb_1pwlvro._.js:116:44)
    at <unknown> (file://E:\Demo Website\Electricity Bill\electricity-management\.next\dev\server\edge\chunks\turbopack-node_modules_next_dist_esm_build_templates_edge-wrapper_1j944-a.js:1307:27)
    at runModuleExecutionHooks (file://E:\Demo Website\Electricity Bill\electricity-management\.next\dev\server\edge\chunks\turbopack-node_modules_next_dist_esm_build_templates_edge-wrapper_1j944-a.js:1649:9)
    at instantiateModuleShared (file://E:\Demo Website\Electricity Bill\electricity-management\.next\dev\server\edge\chunks\turbopack-node_modules_next_dist_esm_build_templates_edge-wrapper_1j944-a.js:1305:9)
    at instantiateModule (file://E:\Demo Website\Electricity Bill\electricity-management\.next\dev\server\edge\chunks\turbopack-node_modules_next_dist_esm_build_templates_edge-wrapper_1j944-a.js:1621:12)
    at getOrInstantiateModuleFromParent (file://E:\Demo Website\Electricity Bill\electricity-management\.next\dev\server\edge\chunks\turbopack-node_modules_next_dist_esm_build_templates_edge-wrapper_1j944-a.js:1604:12)
    at DevContext.commonJsRequire [as r] (file://E:\Demo Website\Electricity Bill\electricity-management\.next\dev\server\edge\chunks\turbopack-node_modules_next_dist_esm_build_templates_edge-wrapper_1j944-a.js:299:12)
    at module evaluation (file://E:\Demo Website\Electricity Bill\electricity-management\.next\dev\server\edge\chunks\node_modules_mariadb_1pwlvro._.js:15721:23)
    at <unknown> (file://E:\Demo Website\Electricity Bill\electricity-management\.next\dev\server\edge\chunks\turbopack-node_modules_next_dist_esm_build_templates_edge-wrapper_1j944-a.js:1307:27)
    at runModuleExecutionHooks (file://E:\Demo Website\Electricity Bill\electricity-management\.next\dev\server\edge\chunks\turbopack-node_modules_next_dist_esm_build_templates_edge-wrapper_1j944-a.js:1649:9)
[  136927ms] [LOG] [HMR] connected @ http://localhost:3000/_next/static/chunks/node_modules_next_dist_1gdrd03._.js:1226
[  145864ms] [LOG] [Fast Refresh] rebuilding @ http://localhost:3000/_next/static/chunks/node_modules_next_dist_1gdrd03._.js:1226
[  146009ms] [LOG] [Fast Refresh] done in 187ms @ http://localhost:3000/_next/static/chunks/node_modules_next_dist_1gdrd03._.js:1226
[  146111ms] [LOG] [Fast Refresh] rebuilding @ http://localhost:3000/_next/static/chunks/node_modules_next_dist_1gdrd03._.js:1226
[  146117ms] [LOG] [Fast Refresh] done in 107ms @ http://localhost:3000/_next/static/chunks/node_modules_next_dist_1gdrd03._.js:1226
[  146266ms] [LOG] [Fast Refresh] rebuilding @ http://localhost:3000/_next/static/chunks/node_modules_next_dist_1gdrd03._.js:1226
[  147234ms] [LOG] [Fast Refresh] done in 1081ms @ http://localhost:3000/_next/static/chunks/node_modules_next_dist_1gdrd03._.js:1226
[  147360ms] [VERBOSE] [DOM] Input elements should have autocomplete attributes (suggested: "current-password"): (More info: https://goo.gl/9p2vKq) %o @ http://localhost:3000/login:0
[  147435ms] [INFO] %cDownload the React DevTools for a better development experience: https://react.dev/link/react-devtools font-weight:bold @ http://localhost:3000/_next/static/chunks/node_modules_next_dist_1ybzpk2._.js:2477
[  147525ms] [LOG] [HMR] connected @ http://localhost:3000/_next/static/chunks/node_modules_next_dist_1ybzpk2._.js:2477
