[     164ms] [INFO] %cDownload the React DevTools for a better development experience: https://react.dev/link/react-devtools font-weight:bold @ http://localhost:3000/_next/static/chunks/node_modules_next_dist_1ybzpk2._.js:2477
[     202ms] [LOG] [HMR] connected @ http://localhost:3000/_next/static/chunks/node_modules_next_dist_1ybzpk2._.js:2477
[   31064ms] [LOG] [Fast Refresh] rebuilding @ http://localhost:3000/_next/static/chunks/node_modules_next_dist_1ybzpk2._.js:2477
[   31368ms] [LOG] [Fast Refresh] done in 414ms @ http://localhost:3000/_next/static/chunks/node_modules_next_dist_1ybzpk2._.js:2477
[   31510ms] [LOG] [Fast Refresh] rebuilding @ http://localhost:3000/_next/static/chunks/node_modules_next_dist_1ybzpk2._.js:2477
[   31643ms] [LOG] [Fast Refresh] done in 248ms @ http://localhost:3000/_next/static/chunks/node_modules_next_dist_1ybzpk2._.js:2477
[   31853ms] [LOG] [Fast Refresh] rebuilding @ http://localhost:3000/_next/static/chunks/node_modules_next_dist_1ybzpk2._.js:2477
[   32018ms] [LOG] [Fast Refresh] done in 266ms @ http://localhost:3000/_next/static/chunks/node_modules_next_dist_1ybzpk2._.js:2477
[   32073ms] [LOG] %c%s%c prisma:query background: #e6e6e6;background: light-dark(rgba(0,0,0,0.1), rgba(255,255,255,0.25));color: #000000;color: light-dark(#000000, #ffffff);border-radius: 2px  Server   SELECT COUNT(*) AS `_count$_all` FROM (SELECT `Resident`.`id` FROM `Resident` WHERE 1=1) AS `sub` @ http://localhost:3000/_next/static/chunks/node_modules_next_dist_1ybzpk2._.js:2477
[   32073ms] [LOG] %c%s%c prisma:query background: #e6e6e6;background: light-dark(rgba(0,0,0,0.1), rgba(255,255,255,0.25));color: #000000;color: light-dark(#000000, #ffffff);border-radius: 2px  Server   SELECT COUNT(*) AS `_count$_all` FROM (SELECT `Connection`.`id` FROM `Connection` WHERE `Connection`.`status` = ?) AS `sub` @ http://localhost:3000/_next/static/chunks/node_modules_next_dist_1ybzpk2._.js:2477
[   32073ms] [LOG] %c%s%c prisma:query background: #e6e6e6;background: light-dark(rgba(0,0,0,0.1), rgba(255,255,255,0.25));color: #000000;color: light-dark(#000000, #ffffff);border-radius: 2px  Server   SELECT COUNT(*) AS `_count$_all` FROM (SELECT `Bill`.`id` FROM `Bill` WHERE `Bill`.`billDate` >= ?) AS `sub` @ http://localhost:3000/_next/static/chunks/node_modules_next_dist_1ybzpk2._.js:2477
[   32074ms] [LOG] %c%s%c prisma:query background: #e6e6e6;background: light-dark(rgba(0,0,0,0.1), rgba(255,255,255,0.25));color: #000000;color: light-dark(#000000, #ffffff);border-radius: 2px  Server   SELECT SUM(`totalAmount`) AS `_sum$totalAmount` FROM (SELECT `Bill`.`totalAmount` FROM `Bill` WHERE (`Bill`.`status` = ? AND `Bill`.`billDate` >= ?)) AS `sub` @ http://localhost:3000/_next/static/chunks/node_modules_next_dist_1ybzpk2._.js:2477
[   32074ms] [LOG] %c%s%c prisma:query background: #e6e6e6;background: light-dark(rgba(0,0,0,0.1), rgba(255,255,255,0.25));color: #000000;color: light-dark(#000000, #ffffff);border-radius: 2px  Server   SELECT COUNT(*) AS `_count$_all` FROM (SELECT `Bill`.`id` FROM `Bill` WHERE `Bill`.`status` = ?) AS `sub` @ http://localhost:3000/_next/static/chunks/node_modules_next_dist_1ybzpk2._.js:2477
[   32074ms] [LOG] %c%s%c prisma:query background: #e6e6e6;background: light-dark(rgba(0,0,0,0.1), rgba(255,255,255,0.25));color: #000000;color: light-dark(#000000, #ffffff);border-radius: 2px  Server   SELECT `Bill`.`id`, `Bill`.`connectionId`, `Bill`.`meterReadingId`, `Bill`.`billNumber`, `Bill`.`billDate`, `Bill`.`dueDate`, `Bill`.`billingPeriodStart`, `Bill`.`billingPeriodEnd`, `Bill`.`ncplUnits`, `Bill`.`ratePerUnit`, `Bill`.`ncplCharge`, `Bill`.`dgCharge`, `Bill`.`fixedCharge`, `Bill`.`previousDues`, `Bill`.`totalAmount`, `Bill`.`status`, `Bill`.`createdAt` FROM `Bill` WHERE 1=1 ORDER BY `Bill`.`createdAt` DESC LIMIT ? OFFSET ? @ http://localhost:3000/_next/static/chunks/node_modules_next_dist_1ybzpk2._.js:2477
[   32074ms] [LOG] %c%s%c prisma:query background: #e6e6e6;background: light-dark(rgba(0,0,0,0.1), rgba(255,255,255,0.25));color: #000000;color: light-dark(#000000, #ffffff);border-radius: 2px  Server   SELECT `Connection`.`id`, `Connection`.`residentId`, `Connection`.`tower`, `Connection`.`floor`, `Connection`.`flatNo`, `Connection`.`unitType`, `Connection`.`unitArea`, `Connection`.`meterNo`, `Connection`.`sanctionedLoad`, `Connection`.`status`, `Connection`.`connectedAt` FROM `Connection` WHERE `Connection`.`id` IN (?,?) @ http://localhost:3000/_next/static/chunks/node_modules_next_dist_1ybzpk2._.js:2477
[   32074ms] [LOG] %c%s%c prisma:query background: #e6e6e6;background: light-dark(rgba(0,0,0,0.1), rgba(255,255,255,0.25));color: #000000;color: light-dark(#000000, #ffffff);border-radius: 2px  Server   SELECT `Resident`.`id`, `Resident`.`userId`, `Resident`.`residentNumber`, `Resident`.`phone`, `Resident`.`createdAt` FROM `Resident` WHERE `Resident`.`id` IN (?,?) @ http://localhost:3000/_next/static/chunks/node_modules_next_dist_1ybzpk2._.js:2477
[   32074ms] [LOG] %c%s%c prisma:query background: #e6e6e6;background: light-dark(rgba(0,0,0,0.1), rgba(255,255,255,0.25));color: #000000;color: light-dark(#000000, #ffffff);border-radius: 2px  Server   SELECT `User`.`id`, `User`.`name`, `User`.`email`, `User`.`password`, `User`.`role`, `User`.`createdAt` FROM `User` WHERE `User`.`id` IN (?,?) @ http://localhost:3000/_next/static/chunks/node_modules_next_dist_1ybzpk2._.js:2477
[   32172ms] [ERROR] In HTML, %s cannot be a descendant of <%s>.
This will cause a hydration error.%s <button> button 

  ...
    <SegmentViewNode type="layout" pagePath="(admin)/la...">
      <SegmentTrieNode>
      <script>
      <script>
      <script>
      <AdminLayout>
        <div className="flex h-scr...">
          <SidebarNav user={{name:"Admin", ...}}>
            <div className="md:hidden ...">
              <div>
              <div className="flex items...">
                <ThemeToggle>
                <Sheet open={false} onOpenChange={function bound dispatchSetState}>
                  <DialogRoot data-slot="sheet" open={false} onOpenChange={function bound dispatchSetState}>
                    <SheetTrigger asChild={true}>
                      <DialogTrigger data-slot="sheet-trigger" asChild={true}>
>                       <button
>                         type="button"
>                         onClick={function}
>                         onMouseDown={function}
>                         onKeyDown={function}
>                         onKeyUp={function}
>                         onPointerDown={function}
>                         tabIndex={0}
>                         disabled={false}
>                         data-base-ui-click-trigger=""
>                         id="base-ui-_r_1_"
>                         aria-haspopup="dialog"
>                         aria-expanded={false}
>                         aria-controls={undefined}
>                         data-slot="sheet-trigger"
>                         asChild={true}
>                         ref={function}
>                       >
                          <Button variant="ghost" size="icon" className="h-8 w-8">
                            <Button data-slot="button" className={"group/bu..."}>
>                             <button
>                               type="button"
>                               onClick={function}
>                               onMouseDown={function}
>                               onKeyDown={function}
>                               onKeyUp={function}
>                               onPointerDown={function}
>                               tabIndex={0}
>                               disabled={false}
>                               data-slot="button"
>                               ref={function}
>                               className={"group/button inline-flex shrink-0 items-center justify-center rounded-lg ..."}
>                             >
                    ...
            ...
          ...
 @ http://localhost:3000/_next/static/chunks/node_modules_next_dist_1ybzpk2._.js:3318
[   32174ms] [ERROR] <%s> cannot contain a nested %s.
See this log for the ancestor stack trace. button <button> @ http://localhost:3000/_next/static/chunks/node_modules_next_dist_1ybzpk2._.js:3318
[   32177ms] [ERROR] React does not recognize the `%s` prop on a DOM element. If you intentionally want it to appear in the DOM as a custom attribute, spell it as lowercase `%s` instead. If you accidentally passed it from a parent component, remove it from the DOM element. asChild aschild @ http://localhost:3000/_next/static/chunks/node_modules_next_dist_1ybzpk2._.js:3318
[   32300ms] [LOG] [Fast Refresh] rebuilding @ http://localhost:3000/_next/static/chunks/node_modules_next_dist_1ybzpk2._.js:2477
[   32330ms] [LOG] [Fast Refresh] done in 151ms @ http://localhost:3000/_next/static/chunks/node_modules_next_dist_1ybzpk2._.js:2477
[   66418ms] [LOG] [Fast Refresh] rebuilding @ http://localhost:3000/_next/static/chunks/node_modules_next_dist_1ybzpk2._.js:2477
[   66512ms] [LOG] [Fast Refresh] done in 193ms @ http://localhost:3000/_next/static/chunks/node_modules_next_dist_1ybzpk2._.js:2477
[   66653ms] [LOG] [Fast Refresh] rebuilding @ http://localhost:3000/_next/static/chunks/node_modules_next_dist_1ybzpk2._.js:2477
[   66817ms] [LOG] [Fast Refresh] done in 266ms @ http://localhost:3000/_next/static/chunks/node_modules_next_dist_1ybzpk2._.js:2477
[   66915ms] [LOG] %c%s%c prisma:query background: #e6e6e6;background: light-dark(rgba(0,0,0,0.1), rgba(255,255,255,0.25));color: #000000;color: light-dark(#000000, #ffffff);border-radius: 2px  Server   SELECT COUNT(*) AS `_count$_all` FROM (SELECT `Resident`.`id` FROM `Resident` WHERE 1=1) AS `sub` @ http://localhost:3000/_next/static/chunks/node_modules_next_dist_1ybzpk2._.js:2477
[   66916ms] [LOG] %c%s%c prisma:query background: #e6e6e6;background: light-dark(rgba(0,0,0,0.1), rgba(255,255,255,0.25));color: #000000;color: light-dark(#000000, #ffffff);border-radius: 2px  Server   SELECT COUNT(*) AS `_count$_all` FROM (SELECT `Connection`.`id` FROM `Connection` WHERE `Connection`.`status` = ?) AS `sub` @ http://localhost:3000/_next/static/chunks/node_modules_next_dist_1ybzpk2._.js:2477
[   66916ms] [LOG] %c%s%c prisma:query background: #e6e6e6;background: light-dark(rgba(0,0,0,0.1), rgba(255,255,255,0.25));color: #000000;color: light-dark(#000000, #ffffff);border-radius: 2px  Server   SELECT COUNT(*) AS `_count$_all` FROM (SELECT `Bill`.`id` FROM `Bill` WHERE `Bill`.`billDate` >= ?) AS `sub` @ http://localhost:3000/_next/static/chunks/node_modules_next_dist_1ybzpk2._.js:2477
[   66916ms] [LOG] %c%s%c prisma:query background: #e6e6e6;background: light-dark(rgba(0,0,0,0.1), rgba(255,255,255,0.25));color: #000000;color: light-dark(#000000, #ffffff);border-radius: 2px  Server   SELECT SUM(`totalAmount`) AS `_sum$totalAmount` FROM (SELECT `Bill`.`totalAmount` FROM `Bill` WHERE (`Bill`.`status` = ? AND `Bill`.`billDate` >= ?)) AS `sub` @ http://localhost:3000/_next/static/chunks/node_modules_next_dist_1ybzpk2._.js:2477
[   66916ms] [LOG] %c%s%c prisma:query background: #e6e6e6;background: light-dark(rgba(0,0,0,0.1), rgba(255,255,255,0.25));color: #000000;color: light-dark(#000000, #ffffff);border-radius: 2px  Server   SELECT COUNT(*) AS `_count$_all` FROM (SELECT `Bill`.`id` FROM `Bill` WHERE `Bill`.`status` = ?) AS `sub` @ http://localhost:3000/_next/static/chunks/node_modules_next_dist_1ybzpk2._.js:2477
[   66916ms] [LOG] %c%s%c prisma:query background: #e6e6e6;background: light-dark(rgba(0,0,0,0.1), rgba(255,255,255,0.25));color: #000000;color: light-dark(#000000, #ffffff);border-radius: 2px  Server   SELECT `Bill`.`id`, `Bill`.`connectionId`, `Bill`.`meterReadingId`, `Bill`.`billNumber`, `Bill`.`billDate`, `Bill`.`dueDate`, `Bill`.`billingPeriodStart`, `Bill`.`billingPeriodEnd`, `Bill`.`ncplUnits`, `Bill`.`ratePerUnit`, `Bill`.`ncplCharge`, `Bill`.`dgCharge`, `Bill`.`fixedCharge`, `Bill`.`previousDues`, `Bill`.`totalAmount`, `Bill`.`status`, `Bill`.`createdAt` FROM `Bill` WHERE 1=1 ORDER BY `Bill`.`createdAt` DESC LIMIT ? OFFSET ? @ http://localhost:3000/_next/static/chunks/node_modules_next_dist_1ybzpk2._.js:2477
[   66916ms] [LOG] %c%s%c prisma:query background: #e6e6e6;background: light-dark(rgba(0,0,0,0.1), rgba(255,255,255,0.25));color: #000000;color: light-dark(#000000, #ffffff);border-radius: 2px  Server   SELECT `Connection`.`id`, `Connection`.`residentId`, `Connection`.`tower`, `Connection`.`floor`, `Connection`.`flatNo`, `Connection`.`unitType`, `Connection`.`unitArea`, `Connection`.`meterNo`, `Connection`.`sanctionedLoad`, `Connection`.`status`, `Connection`.`connectedAt` FROM `Connection` WHERE `Connection`.`id` IN (?,?) @ http://localhost:3000/_next/static/chunks/node_modules_next_dist_1ybzpk2._.js:2477
[   66916ms] [LOG] %c%s%c prisma:query background: #e6e6e6;background: light-dark(rgba(0,0,0,0.1), rgba(255,255,255,0.25));color: #000000;color: light-dark(#000000, #ffffff);border-radius: 2px  Server   SELECT `Resident`.`id`, `Resident`.`userId`, `Resident`.`residentNumber`, `Resident`.`phone`, `Resident`.`createdAt` FROM `Resident` WHERE `Resident`.`id` IN (?,?) @ http://localhost:3000/_next/static/chunks/node_modules_next_dist_1ybzpk2._.js:2477
[   66917ms] [LOG] %c%s%c prisma:query background: #e6e6e6;background: light-dark(rgba(0,0,0,0.1), rgba(255,255,255,0.25));color: #000000;color: light-dark(#000000, #ffffff);border-radius: 2px  Server   SELECT `User`.`id`, `User`.`name`, `User`.`email`, `User`.`password`, `User`.`role`, `User`.`createdAt` FROM `User` WHERE `User`.`id` IN (?,?) @ http://localhost:3000/_next/static/chunks/node_modules_next_dist_1ybzpk2._.js:2477
