[     158ms] [LOG] [Fast Refresh] rebuilding @ http://localhost:3000/_next/static/chunks/node_modules_next_dist_1ybzpk2._.js:2477
[     175ms] [LOG] [Fast Refresh] done in 128ms @ http://localhost:3000/_next/static/chunks/node_modules_next_dist_1ybzpk2._.js:2477
[     273ms] [ERROR] Failed to load resource: the server responded with a status of 500 (Internal Server Error) @ http://localhost:3000/admin/payments:0
[     465ms] [INFO] %cDownload the React DevTools for a better development experience: https://react.dev/link/react-devtools font-weight:bold @ http://localhost:3000/_next/static/chunks/node_modules_next_dist_1ybzpk2._.js:2477
[     486ms] [LOG] [HMR] connected @ http://localhost:3000/_next/static/chunks/node_modules_next_dist_1ybzpk2._.js:2477
[     494ms] [LOG] %c%s%c prisma:error background: #e6e6e6;background: light-dark(rgba(0,0,0,0.1), rgba(255,255,255,0.25));color: #000000;color: light-dark(#000000, #ffffff);border-radius: 2px  Server   
Invalid `__TURBOPACK__imported__module__$5b$project$5d2f$lib$2f$prisma$2e$ts__$5b$app$2d$rsc$5d$__$28$ecmascript$29$__["prisma"].bill.findMany()` invocation in
E:\Demo Website\Electricity Bill\electricity-management\.next\dev\server\chunks\ssr\[root-of-the-server]__1ob05lt._.js:105:134

  102     },
  103     take: 100
  104 }),
→ 105 __TURBOPACK__imported__module__$5b$project$5d2f$lib$2f$prisma$2e$ts__$5b$app$2d$rsc$5d$__$28$ecmascript$29$__["prisma"].bill.findMany({
        where: {
          status: {
            in: [
              "PENDING",
              "OVERDUE",
              "PARTIAL"
            ]
            ~~~~~~~~~~~
          }
        },
        include: {
          connection: {
            include: {
              resident: {
                include: {
                  user: {
                    select: {
                      name: true
                    }
                  }
                }
              }
            }
          }
        },
        orderBy: [
          {
            status: "asc"
          },
          {
            dueDate: "asc"
          }
        ]
      })

Invalid value for argument `in`. Expected BillStatus. @ http://localhost:3000/_next/static/chunks/node_modules_next_dist_1ybzpk2._.js:2477
[     494ms] [LOG] %c%s%c prisma:query background: #e6e6e6;background: light-dark(rgba(0,0,0,0.1), rgba(255,255,255,0.25));color: #000000;color: light-dark(#000000, #ffffff);border-radius: 2px  Server   SELECT `Payment`.`id`, `Payment`.`billId`, `Payment`.`amount`, `Payment`.`paymentDate`, `Payment`.`method`, `Payment`.`razorpayOrderId`, `Payment`.`razorpayPaymentId`, `Payment`.`razorpaySignature`, `Payment`.`status`, `Payment`.`receiptNumber`, `Payment`.`createdAt` FROM `Payment` WHERE 1=1 ORDER BY `Payment`.`createdAt` DESC LIMIT ? OFFSET ? @ http://localhost:3000/_next/static/chunks/node_modules_next_dist_1ybzpk2._.js:2477
[     494ms] [LOG] %c%s%c prisma:query background: #e6e6e6;background: light-dark(rgba(0,0,0,0.1), rgba(255,255,255,0.25));color: #000000;color: light-dark(#000000, #ffffff);border-radius: 2px  Server   SELECT `Bill`.`id`, `Bill`.`connectionId`, `Bill`.`meterReadingId`, `Bill`.`billNumber`, `Bill`.`billDate`, `Bill`.`dueDate`, `Bill`.`billingPeriodStart`, `Bill`.`billingPeriodEnd`, `Bill`.`ncplUnits`, `Bill`.`ratePerUnit`, `Bill`.`ncplCharge`, `Bill`.`dgCharge`, `Bill`.`fixedCharge`, `Bill`.`previousDues`, `Bill`.`totalAmount`, `Bill`.`status`, `Bill`.`createdAt` FROM `Bill` WHERE `Bill`.`id` IN (?,?,?) @ http://localhost:3000/_next/static/chunks/node_modules_next_dist_1ybzpk2._.js:2477
[     495ms] [LOG] %c%s%c prisma:query background: #e6e6e6;background: light-dark(rgba(0,0,0,0.1), rgba(255,255,255,0.25));color: #000000;color: light-dark(#000000, #ffffff);border-radius: 2px  Server   SELECT `Connection`.`id`, `Connection`.`residentId`, `Connection`.`tower`, `Connection`.`floor`, `Connection`.`flatNo`, `Connection`.`unitType`, `Connection`.`unitArea`, `Connection`.`meterNo`, `Connection`.`sanctionedLoad`, `Connection`.`status`, `Connection`.`connectedAt` FROM `Connection` WHERE `Connection`.`id` IN (?,?,?) @ http://localhost:3000/_next/static/chunks/node_modules_next_dist_1ybzpk2._.js:2477
[     495ms] [LOG] %c%s%c prisma:query background: #e6e6e6;background: light-dark(rgba(0,0,0,0.1), rgba(255,255,255,0.25));color: #000000;color: light-dark(#000000, #ffffff);border-radius: 2px  Server   SELECT `Resident`.`id`, `Resident`.`userId`, `Resident`.`residentNumber`, `Resident`.`phone`, `Resident`.`createdAt` FROM `Resident` WHERE `Resident`.`id` IN (?,?) @ http://localhost:3000/_next/static/chunks/node_modules_next_dist_1ybzpk2._.js:2477
[     495ms] [LOG] %c%s%c prisma:query background: #e6e6e6;background: light-dark(rgba(0,0,0,0.1), rgba(255,255,255,0.25));color: #000000;color: light-dark(#000000, #ffffff);border-radius: 2px  Server   SELECT `User`.`id`, `User`.`name` FROM `User` WHERE `User`.`id` IN (?,?) @ http://localhost:3000/_next/static/chunks/node_modules_next_dist_1ybzpk2._.js:2477
[     518ms] [ERROR] Encountered a script tag while rendering React component. Scripts inside React components are never executed when rendering on the client. Consider using template tag instead (https://developer.mozilla.org/en-US/docs/Web/HTML/Element/template). @ http://localhost:3000/_next/static/chunks/node_modules_next_dist_1ybzpk2._.js:3318
[     635ms] PrismaClientValidationError: 
Invalid `__TURBOPACK__imported__module__$5b$project$5d2f$lib$2f$prisma$2e$ts__$5b$app$2d$rsc$5d$__$28$ecmascript$29$__["prisma"].bill.findMany()` invocation in
E:\Demo Website\Electricity Bill\electricity-management\.next\dev\server\chunks\ssr\[root-of-the-server]__1ob05lt._.js:105:134

  102     },
  103     take: 100
  104 }),
→ 105 __TURBOPACK__imported__module__$5b$project$5d2f$lib$2f$prisma$2e$ts__$5b$app$2d$rsc$5d$__$28$ecmascript$29$__["prisma"].bill.findMany({
        where: {
          status: {
            in: [
              "PENDING",
              "OVERDUE",
              "PARTIAL"
            ]
            ~~~~~~~~~~~
          }
        },
        include: {
          connection: {
            include: {
              resident: {
                include: {
                  user: {
                    select: {
                      name: true
                    }
                  }
                }
              }
            }
          }
        },
        orderBy: [
          {
            status: "asc"
          },
          {
            dueDate: "asc"
          }
        ]
      })

Invalid value for argument `in`. Expected BillStatus.
    at  PaymentsPage (about://React/Server/E:%5CDemo%20Website%5CElectricity%20Bill%5Celectricity-management%5C.next%5Cdev%5Cserver%5Cchunks%5Cssr%5C%5Broot-of-the-server%5D__1ob05lt._.js?0:79:38)
    at resolveErrorDev (http://localhost:3000/_next/static/chunks/node_modules_next_dist_compiled_react-server-dom-turbopack_164kp-6._.js:1919:105)
    at processFullStringRow (http://localhost:3000/_next/static/chunks/node_modules_next_dist_compiled_react-server-dom-turbopack_164kp-6._.js:2434:29)
    at processFullBinaryRow (http://localhost:3000/_next/static/chunks/node_modules_next_dist_compiled_react-server-dom-turbopack_164kp-6._.js:2393:9)
    at processBinaryChunk (http://localhost:3000/_next/static/chunks/node_modules_next_dist_compiled_react-server-dom-turbopack_164kp-6._.js:2502:221)
    at progress (http://localhost:3000/_next/static/chunks/node_modules_next_dist_compiled_react-server-dom-turbopack_164kp-6._.js:2689:13)
[ 1081854ms] [ERROR] WebSocket connection to 'ws://localhost:3000/_next/webpack-hmr?id=Ph4HJvn9DTlO_HZAwYQPD' failed: Error in connection establishment: net::ERR_CONNECTION_REFUSED @ http://localhost:3000/_next/static/chunks/node_modules_next_dist_client_0r5nbpw._.js:13422
[ 1085193ms] [ERROR] WebSocket connection to 'ws://localhost:3000/_next/webpack-hmr?id=Ph4HJvn9DTlO_HZAwYQPD' failed: Error in connection establishment: net::ERR_CONNECTION_REFUSED @ http://localhost:3000/_next/static/chunks/node_modules_next_dist_client_0r5nbpw._.js:13422
[ 1088562ms] [ERROR] WebSocket connection to 'ws://localhost:3000/_next/webpack-hmr?id=Ph4HJvn9DTlO_HZAwYQPD' failed: Error in connection establishment: net::ERR_CONNECTION_REFUSED @ http://localhost:3000/_next/static/chunks/node_modules_next_dist_client_0r5nbpw._.js:13422
[ 1091923ms] [ERROR] WebSocket connection to 'ws://localhost:3000/_next/webpack-hmr?id=Ph4HJvn9DTlO_HZAwYQPD' failed: Error in connection establishment: net::ERR_CONNECTION_REFUSED @ http://localhost:3000/_next/static/chunks/node_modules_next_dist_client_0r5nbpw._.js:13422
[ 1095307ms] [ERROR] WebSocket connection to 'ws://localhost:3000/_next/webpack-hmr?id=Ph4HJvn9DTlO_HZAwYQPD' failed: Error in connection establishment: net::ERR_CONNECTION_REFUSED @ http://localhost:3000/_next/static/chunks/node_modules_next_dist_client_0r5nbpw._.js:13422
[ 1102558ms] [LOG] [HMR] connected @ http://localhost:3000/_next/static/chunks/node_modules_next_dist_1ybzpk2._.js:2477
[ 1104130ms] [INFO] %cDownload the React DevTools for a better development experience: https://react.dev/link/react-devtools font-weight:bold @ http://localhost:3000/_next/static/chunks/node_modules_next_dist_1ybzpk2._.js:2477
[ 1104172ms] [LOG] [HMR] connected @ http://localhost:3000/_next/static/chunks/node_modules_next_dist_1ybzpk2._.js:2477
[ 1104184ms] [LOG] %c%s%c prisma:query background: #e6e6e6;background: light-dark(rgba(0,0,0,0.1), rgba(255,255,255,0.25));color: #000000;color: light-dark(#000000, #ffffff);border-radius: 2px  Server   SELECT `Payment`.`id`, `Payment`.`billId`, `Payment`.`amount`, `Payment`.`paymentDate`, `Payment`.`method`, `Payment`.`razorpayOrderId`, `Payment`.`razorpayPaymentId`, `Payment`.`razorpaySignature`, `Payment`.`status`, `Payment`.`receiptNumber`, `Payment`.`createdAt` FROM `Payment` WHERE 1=1 ORDER BY `Payment`.`createdAt` DESC LIMIT ? OFFSET ? @ http://localhost:3000/_next/static/chunks/node_modules_next_dist_1ybzpk2._.js:2477
[ 1104184ms] [LOG] %c%s%c prisma:query background: #e6e6e6;background: light-dark(rgba(0,0,0,0.1), rgba(255,255,255,0.25));color: #000000;color: light-dark(#000000, #ffffff);border-radius: 2px  Server   SELECT `Bill`.`id`, `Bill`.`connectionId`, `Bill`.`meterReadingId`, `Bill`.`billNumber`, `Bill`.`billDate`, `Bill`.`dueDate`, `Bill`.`billingPeriodStart`, `Bill`.`billingPeriodEnd`, `Bill`.`ncplUnits`, `Bill`.`ratePerUnit`, `Bill`.`ncplCharge`, `Bill`.`dgCharge`, `Bill`.`fixedCharge`, `Bill`.`previousDues`, `Bill`.`totalAmount`, `Bill`.`paidAmount`, `Bill`.`status`, `Bill`.`createdAt` FROM `Bill` WHERE `Bill`.`status` IN (?,?,?) ORDER BY `Bill`.`status` ASC, `Bill`.`dueDate` ASC @ http://localhost:3000/_next/static/chunks/node_modules_next_dist_1ybzpk2._.js:2477
[ 1104185ms] [LOG] %c%s%c prisma:query background: #e6e6e6;background: light-dark(rgba(0,0,0,0.1), rgba(255,255,255,0.25));color: #000000;color: light-dark(#000000, #ffffff);border-radius: 2px  Server   SELECT `Bill`.`id`, `Bill`.`connectionId`, `Bill`.`meterReadingId`, `Bill`.`billNumber`, `Bill`.`billDate`, `Bill`.`dueDate`, `Bill`.`billingPeriodStart`, `Bill`.`billingPeriodEnd`, `Bill`.`ncplUnits`, `Bill`.`ratePerUnit`, `Bill`.`ncplCharge`, `Bill`.`dgCharge`, `Bill`.`fixedCharge`, `Bill`.`previousDues`, `Bill`.`totalAmount`, `Bill`.`paidAmount`, `Bill`.`status`, `Bill`.`createdAt` FROM `Bill` WHERE `Bill`.`id` IN (?,?,?) @ http://localhost:3000/_next/static/chunks/node_modules_next_dist_1ybzpk2._.js:2477
[ 1104185ms] [LOG] %c%s%c prisma:query background: #e6e6e6;background: light-dark(rgba(0,0,0,0.1), rgba(255,255,255,0.25));color: #000000;color: light-dark(#000000, #ffffff);border-radius: 2px  Server   SELECT `Connection`.`id`, `Connection`.`residentId`, `Connection`.`tower`, `Connection`.`floor`, `Connection`.`flatNo`, `Connection`.`unitType`, `Connection`.`unitArea`, `Connection`.`meterNo`, `Connection`.`sanctionedLoad`, `Connection`.`status`, `Connection`.`connectedAt` FROM `Connection` WHERE `Connection`.`id` IN (?) @ http://localhost:3000/_next/static/chunks/node_modules_next_dist_1ybzpk2._.js:2477
[ 1104185ms] [LOG] %c%s%c prisma:query background: #e6e6e6;background: light-dark(rgba(0,0,0,0.1), rgba(255,255,255,0.25));color: #000000;color: light-dark(#000000, #ffffff);border-radius: 2px  Server   SELECT `Connection`.`id`, `Connection`.`residentId`, `Connection`.`tower`, `Connection`.`floor`, `Connection`.`flatNo`, `Connection`.`unitType`, `Connection`.`unitArea`, `Connection`.`meterNo`, `Connection`.`sanctionedLoad`, `Connection`.`status`, `Connection`.`connectedAt` FROM `Connection` WHERE `Connection`.`id` IN (?,?,?) @ http://localhost:3000/_next/static/chunks/node_modules_next_dist_1ybzpk2._.js:2477
[ 1104185ms] [LOG] %c%s%c prisma:query background: #e6e6e6;background: light-dark(rgba(0,0,0,0.1), rgba(255,255,255,0.25));color: #000000;color: light-dark(#000000, #ffffff);border-radius: 2px  Server   SELECT `Resident`.`id`, `Resident`.`userId`, `Resident`.`residentNumber`, `Resident`.`phone`, `Resident`.`createdAt` FROM `Resident` WHERE `Resident`.`id` IN (?) @ http://localhost:3000/_next/static/chunks/node_modules_next_dist_1ybzpk2._.js:2477
[ 1104185ms] [LOG] %c%s%c prisma:query background: #e6e6e6;background: light-dark(rgba(0,0,0,0.1), rgba(255,255,255,0.25));color: #000000;color: light-dark(#000000, #ffffff);border-radius: 2px  Server   SELECT `Resident`.`id`, `Resident`.`userId`, `Resident`.`residentNumber`, `Resident`.`phone`, `Resident`.`createdAt` FROM `Resident` WHERE `Resident`.`id` IN (?,?) @ http://localhost:3000/_next/static/chunks/node_modules_next_dist_1ybzpk2._.js:2477
[ 1104185ms] [LOG] %c%s%c prisma:query background: #e6e6e6;background: light-dark(rgba(0,0,0,0.1), rgba(255,255,255,0.25));color: #000000;color: light-dark(#000000, #ffffff);border-radius: 2px  Server   SELECT `User`.`id`, `User`.`name` FROM `User` WHERE `User`.`id` IN (?) @ http://localhost:3000/_next/static/chunks/node_modules_next_dist_1ybzpk2._.js:2477
[ 1104185ms] [LOG] %c%s%c prisma:query background: #e6e6e6;background: light-dark(rgba(0,0,0,0.1), rgba(255,255,255,0.25));color: #000000;color: light-dark(#000000, #ffffff);border-radius: 2px  Server   SELECT `User`.`id`, `User`.`name` FROM `User` WHERE `User`.`id` IN (?,?) @ http://localhost:3000/_next/static/chunks/node_modules_next_dist_1ybzpk2._.js:2477
[ 1110865ms] [LOG] [Fast Refresh] rebuilding @ http://localhost:3000/_next/static/chunks/node_modules_next_dist_1ybzpk2._.js:2477
[ 1110937ms] [LOG] [Fast Refresh] done in 182ms @ http://localhost:3000/_next/static/chunks/node_modules_next_dist_1ybzpk2._.js:2477
