[     186ms] [LOG] [Fast Refresh] rebuilding @ http://localhost:3000/_next/static/chunks/node_modules_next_dist_1ybzpk2._.js:2477
[     306ms] [LOG] [Fast Refresh] done in 224ms @ http://localhost:3000/_next/static/chunks/node_modules_next_dist_1ybzpk2._.js:2477
[    1136ms] [INFO] %cDownload the React DevTools for a better development experience: https://react.dev/link/react-devtools font-weight:bold @ http://localhost:3000/_next/static/chunks/node_modules_next_dist_1ybzpk2._.js:2477
[    1186ms] [LOG] [HMR] connected @ http://localhost:3000/_next/static/chunks/node_modules_next_dist_1ybzpk2._.js:2477
[    1214ms] [LOG] %c%s%c prisma:query background: #e6e6e6;background: light-dark(rgba(0,0,0,0.1), rgba(255,255,255,0.25));color: #000000;color: light-dark(#000000, #ffffff);border-radius: 2px  Server   SELECT `Bill`.`id`, `Bill`.`billDate`, `Bill`.`totalAmount`, `Bill`.`ncplUnits`, `Bill`.`connectionId` FROM `Bill` WHERE (`Bill`.`status` = ? AND `Bill`.`billDate` >= ?) @ http://localhost:3000/_next/static/chunks/node_modules_next_dist_1ybzpk2._.js:2477
[    1215ms] [LOG] %c%s%c prisma:query background: #e6e6e6;background: light-dark(rgba(0,0,0,0.1), rgba(255,255,255,0.25));color: #000000;color: light-dark(#000000, #ffffff);border-radius: 2px  Server   SELECT `Connection`.`id`, `Connection`.`tower`, `Connection`.`flatNo` FROM `Connection` WHERE `Connection`.`id` IN (?,?,?,?) @ http://localhost:3000/_next/static/chunks/node_modules_next_dist_1ybzpk2._.js:2477
[    1215ms] [LOG] %c%s%c prisma:query background: #e6e6e6;background: light-dark(rgba(0,0,0,0.1), rgba(255,255,255,0.25));color: #000000;color: light-dark(#000000, #ffffff);border-radius: 2px  Server   SELECT `Bill`.`id`, `Bill`.`billNumber`, `Bill`.`dueDate`, `Bill`.`totalAmount`, `Bill`.`connectionId` FROM `Bill` WHERE `Bill`.`status` = ? ORDER BY `Bill`.`dueDate` ASC @ http://localhost:3000/_next/static/chunks/node_modules_next_dist_1ybzpk2._.js:2477
[    1215ms] [LOG] %c%s%c prisma:query background: #e6e6e6;background: light-dark(rgba(0,0,0,0.1), rgba(255,255,255,0.25));color: #000000;color: light-dark(#000000, #ffffff);border-radius: 2px  Server   SELECT `Connection`.`id`, `Connection`.`residentId`, `Connection`.`tower`, `Connection`.`floor`, `Connection`.`flatNo`, `Connection`.`unitType`, `Connection`.`unitArea`, `Connection`.`meterNo`, `Connection`.`sanctionedLoad`, `Connection`.`status`, `Connection`.`connectedAt` FROM `Connection` WHERE `Connection`.`id` IN (NULL) @ http://localhost:3000/_next/static/chunks/node_modules_next_dist_1ybzpk2._.js:2477
[    1215ms] [LOG] %c%s%c prisma:query background: #e6e6e6;background: light-dark(rgba(0,0,0,0.1), rgba(255,255,255,0.25));color: #000000;color: light-dark(#000000, #ffffff);border-radius: 2px  Server   SELECT `Resident`.`id`, `Resident`.`userId`, `Resident`.`residentNumber`, `Resident`.`phone`, `Resident`.`createdAt` FROM `Resident` WHERE `Resident`.`id` IN (NULL) @ http://localhost:3000/_next/static/chunks/node_modules_next_dist_1ybzpk2._.js:2477
[    1215ms] [LOG] %c%s%c prisma:query background: #e6e6e6;background: light-dark(rgba(0,0,0,0.1), rgba(255,255,255,0.25));color: #000000;color: light-dark(#000000, #ffffff);border-radius: 2px  Server   SELECT `User`.`id`, `User`.`name` FROM `User` WHERE `User`.`id` IN (NULL) @ http://localhost:3000/_next/static/chunks/node_modules_next_dist_1ybzpk2._.js:2477
[    1217ms] [LOG] %c%s%c prisma:query background: #e6e6e6;background: light-dark(rgba(0,0,0,0.1), rgba(255,255,255,0.25));color: #000000;color: light-dark(#000000, #ffffff);border-radius: 2px  Server   SELECT `Bill`.`id`, `Bill`.`billNumber`, `Bill`.`billDate`, `Bill`.`dueDate`, `Bill`.`totalAmount`, `Bill`.`status`, `Bill`.`connectionId` FROM `Bill` WHERE 1=1 ORDER BY `Bill`.`billDate` DESC LIMIT ? OFFSET ? @ http://localhost:3000/_next/static/chunks/node_modules_next_dist_1ybzpk2._.js:2477
[    1217ms] [LOG] %c%s%c prisma:query background: #e6e6e6;background: light-dark(rgba(0,0,0,0.1), rgba(255,255,255,0.25));color: #000000;color: light-dark(#000000, #ffffff);border-radius: 2px  Server   SELECT `Connection`.`id`, `Connection`.`flatNo`, `Connection`.`tower`, `Connection`.`residentId` FROM `Connection` WHERE `Connection`.`id` IN (?,?,?,?) @ http://localhost:3000/_next/static/chunks/node_modules_next_dist_1ybzpk2._.js:2477
[    1218ms] [LOG] %c%s%c prisma:query background: #e6e6e6;background: light-dark(rgba(0,0,0,0.1), rgba(255,255,255,0.25));color: #000000;color: light-dark(#000000, #ffffff);border-radius: 2px  Server   SELECT `Resident`.`id`, `Resident`.`userId`, `Resident`.`residentNumber`, `Resident`.`phone`, `Resident`.`createdAt` FROM `Resident` WHERE `Resident`.`id` IN (?,?,?) @ http://localhost:3000/_next/static/chunks/node_modules_next_dist_1ybzpk2._.js:2477
[    1218ms] [LOG] %c%s%c prisma:query background: #e6e6e6;background: light-dark(rgba(0,0,0,0.1), rgba(255,255,255,0.25));color: #000000;color: light-dark(#000000, #ffffff);border-radius: 2px  Server   SELECT `User`.`id`, `User`.`name` FROM `User` WHERE `User`.`id` IN (?,?,?) @ http://localhost:3000/_next/static/chunks/node_modules_next_dist_1ybzpk2._.js:2477
[    1218ms] [LOG] %c%s%c prisma:query background: #e6e6e6;background: light-dark(rgba(0,0,0,0.1), rgba(255,255,255,0.25));color: #000000;color: light-dark(#000000, #ffffff);border-radius: 2px  Server   SELECT SUM(`totalAmount`) AS `_sum$totalAmount` FROM (SELECT `Bill`.`totalAmount` FROM `Bill` WHERE `Bill`.`status` = ?) AS `sub` @ http://localhost:3000/_next/static/chunks/node_modules_next_dist_1ybzpk2._.js:2477
[    1218ms] [LOG] %c%s%c prisma:query background: #e6e6e6;background: light-dark(rgba(0,0,0,0.1), rgba(255,255,255,0.25));color: #000000;color: light-dark(#000000, #ffffff);border-radius: 2px  Server   SELECT COUNT(*) AS `_count$_all` FROM (SELECT `Bill`.`id` FROM `Bill` WHERE 1=1) AS `sub` @ http://localhost:3000/_next/static/chunks/node_modules_next_dist_1ybzpk2._.js:2477
[    1218ms] [LOG] %c%s%c prisma:query background: #e6e6e6;background: light-dark(rgba(0,0,0,0.1), rgba(255,255,255,0.25));color: #000000;color: light-dark(#000000, #ffffff);border-radius: 2px  Server   SELECT COUNT(*) AS `_count$_all` FROM (SELECT `Resident`.`id` FROM `Resident` WHERE 1=1) AS `sub` @ http://localhost:3000/_next/static/chunks/node_modules_next_dist_1ybzpk2._.js:2477
[   67699ms] [LOG] [Fast Refresh] rebuilding @ http://localhost:3000/_next/static/chunks/node_modules_next_dist_1ybzpk2._.js:2477
[   67819ms] [LOG] [Fast Refresh] done in 233ms @ http://localhost:3000/_next/static/chunks/node_modules_next_dist_1ybzpk2._.js:2477
[   70100ms] [INFO] %cDownload the React DevTools for a better development experience: https://react.dev/link/react-devtools font-weight:bold @ http://localhost:3000/_next/static/chunks/node_modules_next_dist_1ybzpk2._.js:2477
[   70124ms] [LOG] [HMR] connected @ http://localhost:3000/_next/static/chunks/node_modules_next_dist_1ybzpk2._.js:2477
[   70150ms] [LOG] %c%s%c prisma:query background: #e6e6e6;background: light-dark(rgba(0,0,0,0.1), rgba(255,255,255,0.25));color: #000000;color: light-dark(#000000, #ffffff);border-radius: 2px  Server   SELECT `Bill`.`id`, `Bill`.`billDate`, `Bill`.`totalAmount`, `Bill`.`ncplUnits`, `Bill`.`connectionId` FROM `Bill` WHERE (`Bill`.`status` = ? AND `Bill`.`billDate` >= ?) @ http://localhost:3000/_next/static/chunks/node_modules_next_dist_1ybzpk2._.js:2477
[   70150ms] [LOG] %c%s%c prisma:query background: #e6e6e6;background: light-dark(rgba(0,0,0,0.1), rgba(255,255,255,0.25));color: #000000;color: light-dark(#000000, #ffffff);border-radius: 2px  Server   SELECT `Connection`.`id`, `Connection`.`tower`, `Connection`.`flatNo` FROM `Connection` WHERE `Connection`.`id` IN (?,?,?,?) @ http://localhost:3000/_next/static/chunks/node_modules_next_dist_1ybzpk2._.js:2477
[   70151ms] [LOG] %c%s%c prisma:query background: #e6e6e6;background: light-dark(rgba(0,0,0,0.1), rgba(255,255,255,0.25));color: #000000;color: light-dark(#000000, #ffffff);border-radius: 2px  Server   SELECT `Bill`.`id`, `Bill`.`billNumber`, `Bill`.`dueDate`, `Bill`.`totalAmount`, `Bill`.`connectionId` FROM `Bill` WHERE `Bill`.`status` = ? ORDER BY `Bill`.`dueDate` ASC @ http://localhost:3000/_next/static/chunks/node_modules_next_dist_1ybzpk2._.js:2477
[   70151ms] [LOG] %c%s%c prisma:query background: #e6e6e6;background: light-dark(rgba(0,0,0,0.1), rgba(255,255,255,0.25));color: #000000;color: light-dark(#000000, #ffffff);border-radius: 2px  Server   SELECT `Connection`.`id`, `Connection`.`residentId`, `Connection`.`tower`, `Connection`.`floor`, `Connection`.`flatNo`, `Connection`.`unitType`, `Connection`.`unitArea`, `Connection`.`meterNo`, `Connection`.`sanctionedLoad`, `Connection`.`status`, `Connection`.`connectedAt` FROM `Connection` WHERE `Connection`.`id` IN (NULL) @ http://localhost:3000/_next/static/chunks/node_modules_next_dist_1ybzpk2._.js:2477
[   70151ms] [LOG] %c%s%c prisma:query background: #e6e6e6;background: light-dark(rgba(0,0,0,0.1), rgba(255,255,255,0.25));color: #000000;color: light-dark(#000000, #ffffff);border-radius: 2px  Server   SELECT `Resident`.`id`, `Resident`.`userId`, `Resident`.`residentNumber`, `Resident`.`phone`, `Resident`.`createdAt` FROM `Resident` WHERE `Resident`.`id` IN (NULL) @ http://localhost:3000/_next/static/chunks/node_modules_next_dist_1ybzpk2._.js:2477
[   70151ms] [LOG] %c%s%c prisma:query background: #e6e6e6;background: light-dark(rgba(0,0,0,0.1), rgba(255,255,255,0.25));color: #000000;color: light-dark(#000000, #ffffff);border-radius: 2px  Server   SELECT `User`.`id`, `User`.`name` FROM `User` WHERE `User`.`id` IN (NULL) @ http://localhost:3000/_next/static/chunks/node_modules_next_dist_1ybzpk2._.js:2477
[   70151ms] [LOG] %c%s%c prisma:query background: #e6e6e6;background: light-dark(rgba(0,0,0,0.1), rgba(255,255,255,0.25));color: #000000;color: light-dark(#000000, #ffffff);border-radius: 2px  Server   SELECT `Bill`.`id`, `Bill`.`billNumber`, `Bill`.`billDate`, `Bill`.`dueDate`, `Bill`.`totalAmount`, `Bill`.`status`, `Bill`.`connectionId` FROM `Bill` WHERE 1=1 ORDER BY `Bill`.`billDate` DESC LIMIT ? OFFSET ? @ http://localhost:3000/_next/static/chunks/node_modules_next_dist_1ybzpk2._.js:2477
[   70152ms] [LOG] %c%s%c prisma:query background: #e6e6e6;background: light-dark(rgba(0,0,0,0.1), rgba(255,255,255,0.25));color: #000000;color: light-dark(#000000, #ffffff);border-radius: 2px  Server   SELECT `Connection`.`id`, `Connection`.`flatNo`, `Connection`.`tower`, `Connection`.`residentId` FROM `Connection` WHERE `Connection`.`id` IN (?,?,?,?) @ http://localhost:3000/_next/static/chunks/node_modules_next_dist_1ybzpk2._.js:2477
[   70152ms] [LOG] %c%s%c prisma:query background: #e6e6e6;background: light-dark(rgba(0,0,0,0.1), rgba(255,255,255,0.25));color: #000000;color: light-dark(#000000, #ffffff);border-radius: 2px  Server   SELECT `Resident`.`id`, `Resident`.`userId`, `Resident`.`residentNumber`, `Resident`.`phone`, `Resident`.`createdAt` FROM `Resident` WHERE `Resident`.`id` IN (?,?,?) @ http://localhost:3000/_next/static/chunks/node_modules_next_dist_1ybzpk2._.js:2477
[   70152ms] [LOG] %c%s%c prisma:query background: #e6e6e6;background: light-dark(rgba(0,0,0,0.1), rgba(255,255,255,0.25));color: #000000;color: light-dark(#000000, #ffffff);border-radius: 2px  Server   SELECT `User`.`id`, `User`.`name` FROM `User` WHERE `User`.`id` IN (?,?,?) @ http://localhost:3000/_next/static/chunks/node_modules_next_dist_1ybzpk2._.js:2477
[   70152ms] [LOG] %c%s%c prisma:query background: #e6e6e6;background: light-dark(rgba(0,0,0,0.1), rgba(255,255,255,0.25));color: #000000;color: light-dark(#000000, #ffffff);border-radius: 2px  Server   SELECT SUM(`totalAmount`) AS `_sum$totalAmount` FROM (SELECT `Bill`.`totalAmount` FROM `Bill` WHERE `Bill`.`status` = ?) AS `sub` @ http://localhost:3000/_next/static/chunks/node_modules_next_dist_1ybzpk2._.js:2477
[   70152ms] [LOG] %c%s%c prisma:query background: #e6e6e6;background: light-dark(rgba(0,0,0,0.1), rgba(255,255,255,0.25));color: #000000;color: light-dark(#000000, #ffffff);border-radius: 2px  Server   SELECT COUNT(*) AS `_count$_all` FROM (SELECT `Bill`.`id` FROM `Bill` WHERE 1=1) AS `sub` @ http://localhost:3000/_next/static/chunks/node_modules_next_dist_1ybzpk2._.js:2477
[   70152ms] [LOG] %c%s%c prisma:query background: #e6e6e6;background: light-dark(rgba(0,0,0,0.1), rgba(255,255,255,0.25));color: #000000;color: light-dark(#000000, #ffffff);border-radius: 2px  Server   SELECT COUNT(*) AS `_count$_all` FROM (SELECT `Resident`.`id` FROM `Resident` WHERE 1=1) AS `sub` @ http://localhost:3000/_next/static/chunks/node_modules_next_dist_1ybzpk2._.js:2477
[   80966ms] [LOG] [Fast Refresh] rebuilding @ http://localhost:3000/_next/static/chunks/node_modules_next_dist_1ybzpk2._.js:2477
[   81012ms] [LOG] [Fast Refresh] done in 153ms @ http://localhost:3000/_next/static/chunks/node_modules_next_dist_1ybzpk2._.js:2477
[   81467ms] [INFO] %cDownload the React DevTools for a better development experience: https://react.dev/link/react-devtools font-weight:bold @ http://localhost:3000/_next/static/chunks/node_modules_next_dist_1ybzpk2._.js:2477
[   81492ms] [LOG] [HMR] connected @ http://localhost:3000/_next/static/chunks/node_modules_next_dist_1ybzpk2._.js:2477
[   81519ms] [LOG] %c%s%c prisma:query background: #e6e6e6;background: light-dark(rgba(0,0,0,0.1), rgba(255,255,255,0.25));color: #000000;color: light-dark(#000000, #ffffff);border-radius: 2px  Server   SELECT `Bill`.`id`, `Bill`.`billDate`, `Bill`.`totalAmount`, `Bill`.`ncplUnits`, `Bill`.`connectionId` FROM `Bill` WHERE (`Bill`.`status` = ? AND `Bill`.`billDate` >= ?) @ http://localhost:3000/_next/static/chunks/node_modules_next_dist_1ybzpk2._.js:2477
[   81519ms] [LOG] %c%s%c prisma:query background: #e6e6e6;background: light-dark(rgba(0,0,0,0.1), rgba(255,255,255,0.25));color: #000000;color: light-dark(#000000, #ffffff);border-radius: 2px  Server   SELECT `Connection`.`id`, `Connection`.`tower`, `Connection`.`flatNo` FROM `Connection` WHERE `Connection`.`id` IN (?,?,?,?) @ http://localhost:3000/_next/static/chunks/node_modules_next_dist_1ybzpk2._.js:2477
[   81519ms] [LOG] %c%s%c prisma:query background: #e6e6e6;background: light-dark(rgba(0,0,0,0.1), rgba(255,255,255,0.25));color: #000000;color: light-dark(#000000, #ffffff);border-radius: 2px  Server   SELECT `Bill`.`id`, `Bill`.`billNumber`, `Bill`.`dueDate`, `Bill`.`totalAmount`, `Bill`.`connectionId` FROM `Bill` WHERE `Bill`.`status` = ? ORDER BY `Bill`.`dueDate` ASC @ http://localhost:3000/_next/static/chunks/node_modules_next_dist_1ybzpk2._.js:2477
[   81519ms] [LOG] %c%s%c prisma:query background: #e6e6e6;background: light-dark(rgba(0,0,0,0.1), rgba(255,255,255,0.25));color: #000000;color: light-dark(#000000, #ffffff);border-radius: 2px  Server   SELECT `Connection`.`id`, `Connection`.`residentId`, `Connection`.`tower`, `Connection`.`floor`, `Connection`.`flatNo`, `Connection`.`unitType`, `Connection`.`unitArea`, `Connection`.`meterNo`, `Connection`.`sanctionedLoad`, `Connection`.`status`, `Connection`.`connectedAt` FROM `Connection` WHERE `Connection`.`id` IN (NULL) @ http://localhost:3000/_next/static/chunks/node_modules_next_dist_1ybzpk2._.js:2477
[   81519ms] [LOG] %c%s%c prisma:query background: #e6e6e6;background: light-dark(rgba(0,0,0,0.1), rgba(255,255,255,0.25));color: #000000;color: light-dark(#000000, #ffffff);border-radius: 2px  Server   SELECT `Resident`.`id`, `Resident`.`userId`, `Resident`.`residentNumber`, `Resident`.`phone`, `Resident`.`createdAt` FROM `Resident` WHERE `Resident`.`id` IN (NULL) @ http://localhost:3000/_next/static/chunks/node_modules_next_dist_1ybzpk2._.js:2477
[   81519ms] [LOG] %c%s%c prisma:query background: #e6e6e6;background: light-dark(rgba(0,0,0,0.1), rgba(255,255,255,0.25));color: #000000;color: light-dark(#000000, #ffffff);border-radius: 2px  Server   SELECT `User`.`id`, `User`.`name` FROM `User` WHERE `User`.`id` IN (NULL) @ http://localhost:3000/_next/static/chunks/node_modules_next_dist_1ybzpk2._.js:2477
[   81520ms] [LOG] %c%s%c prisma:query background: #e6e6e6;background: light-dark(rgba(0,0,0,0.1), rgba(255,255,255,0.25));color: #000000;color: light-dark(#000000, #ffffff);border-radius: 2px  Server   SELECT `Bill`.`id`, `Bill`.`billNumber`, `Bill`.`billDate`, `Bill`.`dueDate`, `Bill`.`totalAmount`, `Bill`.`status`, `Bill`.`connectionId` FROM `Bill` WHERE 1=1 ORDER BY `Bill`.`billDate` DESC LIMIT ? OFFSET ? @ http://localhost:3000/_next/static/chunks/node_modules_next_dist_1ybzpk2._.js:2477
[   81520ms] [LOG] %c%s%c prisma:query background: #e6e6e6;background: light-dark(rgba(0,0,0,0.1), rgba(255,255,255,0.25));color: #000000;color: light-dark(#000000, #ffffff);border-radius: 2px  Server   SELECT `Connection`.`id`, `Connection`.`flatNo`, `Connection`.`tower`, `Connection`.`residentId` FROM `Connection` WHERE `Connection`.`id` IN (?,?,?,?) @ http://localhost:3000/_next/static/chunks/node_modules_next_dist_1ybzpk2._.js:2477
[   81520ms] [LOG] %c%s%c prisma:query background: #e6e6e6;background: light-dark(rgba(0,0,0,0.1), rgba(255,255,255,0.25));color: #000000;color: light-dark(#000000, #ffffff);border-radius: 2px  Server   SELECT `Resident`.`id`, `Resident`.`userId`, `Resident`.`residentNumber`, `Resident`.`phone`, `Resident`.`createdAt` FROM `Resident` WHERE `Resident`.`id` IN (?,?,?) @ http://localhost:3000/_next/static/chunks/node_modules_next_dist_1ybzpk2._.js:2477
[   81520ms] [LOG] %c%s%c prisma:query background: #e6e6e6;background: light-dark(rgba(0,0,0,0.1), rgba(255,255,255,0.25));color: #000000;color: light-dark(#000000, #ffffff);border-radius: 2px  Server   SELECT `User`.`id`, `User`.`name` FROM `User` WHERE `User`.`id` IN (?,?,?) @ http://localhost:3000/_next/static/chunks/node_modules_next_dist_1ybzpk2._.js:2477
[   81520ms] [LOG] %c%s%c prisma:query background: #e6e6e6;background: light-dark(rgba(0,0,0,0.1), rgba(255,255,255,0.25));color: #000000;color: light-dark(#000000, #ffffff);border-radius: 2px  Server   SELECT SUM(`totalAmount`) AS `_sum$totalAmount` FROM (SELECT `Bill`.`totalAmount` FROM `Bill` WHERE `Bill`.`status` = ?) AS `sub` @ http://localhost:3000/_next/static/chunks/node_modules_next_dist_1ybzpk2._.js:2477
[   81520ms] [LOG] %c%s%c prisma:query background: #e6e6e6;background: light-dark(rgba(0,0,0,0.1), rgba(255,255,255,0.25));color: #000000;color: light-dark(#000000, #ffffff);border-radius: 2px  Server   SELECT COUNT(*) AS `_count$_all` FROM (SELECT `Bill`.`id` FROM `Bill` WHERE 1=1) AS `sub` @ http://localhost:3000/_next/static/chunks/node_modules_next_dist_1ybzpk2._.js:2477
[   81520ms] [LOG] %c%s%c prisma:query background: #e6e6e6;background: light-dark(rgba(0,0,0,0.1), rgba(255,255,255,0.25));color: #000000;color: light-dark(#000000, #ffffff);border-radius: 2px  Server   SELECT COUNT(*) AS `_count$_all` FROM (SELECT `Resident`.`id` FROM `Resident` WHERE 1=1) AS `sub` @ http://localhost:3000/_next/static/chunks/node_modules_next_dist_1ybzpk2._.js:2477
[  206627ms] [LOG] [Fast Refresh] rebuilding @ http://localhost:3000/_next/static/chunks/node_modules_next_dist_1ybzpk2._.js:2477
[  206726ms] [LOG] [Fast Refresh] done in 183ms @ http://localhost:3000/_next/static/chunks/node_modules_next_dist_1ybzpk2._.js:2477
[  208237ms] [LOG] [Fast Refresh] rebuilding @ http://localhost:3000/_next/static/chunks/node_modules_next_dist_1ybzpk2._.js:2477
[  209153ms] [LOG] [Fast Refresh] done in 1023ms @ http://localhost:3000/_next/static/chunks/node_modules_next_dist_1ybzpk2._.js:2477
[  209215ms] ReferenceError: pdfLoading is not defined
    at ReportsClient (http://localhost:3000/_next/static/chunks/components_0v34k8o._.js?id=%255Bproject%255D%252Fcomponents%252Fadmin%252Freports-client.tsx+%255Bapp-client%255D+%2528ecmascript%2529:378:55)
    at Object.react_stack_bottom_frame (http://localhost:3000/_next/static/chunks/node_modules_next_dist_compiled_react-dom_096_9a-._.js:15037:24)
    at renderWithHooks (http://localhost:3000/_next/static/chunks/node_modules_next_dist_compiled_react-dom_096_9a-._.js:4620:24)
    at updateFunctionComponent (http://localhost:3000/_next/static/chunks/node_modules_next_dist_compiled_react-dom_096_9a-._.js:6081:21)
    at beginWork (http://localhost:3000/_next/static/chunks/node_modules_next_dist_compiled_react-dom_096_9a-._.js:6691:24)
    at runWithFiberInDEV (http://localhost:3000/_next/static/chunks/node_modules_next_dist_compiled_react-dom_096_9a-._.js:965:74)
    at performUnitOfWork (http://localhost:3000/_next/static/chunks/node_modules_next_dist_compiled_react-dom_096_9a-._.js:9555:97)
    at workLoopSync (http://localhost:3000/_next/static/chunks/node_modules_next_dist_compiled_react-dom_096_9a-._.js:9449:40)
    at renderRootSync (http://localhost:3000/_next/static/chunks/node_modules_next_dist_compiled_react-dom_096_9a-._.js:9433:13)
    at performWorkOnRoot (http://localhost:3000/_next/static/chunks/node_modules_next_dist_compiled_react-dom_096_9a-._.js:9061:186)
    at performSyncWorkOnRoot (http://localhost:3000/_next/static/chunks/node_modules_next_dist_compiled_react-dom_096_9a-._.js:10263:9)
    at flushSyncWorkAcrossRoots_impl (http://localhost:3000/_next/static/chunks/node_modules_next_dist_compiled_react-dom_096_9a-._.js:10179:316)
    at processRootScheduleInMicrotask (http://localhost:3000/_next/static/chunks/node_modules_next_dist_compiled_react-dom_096_9a-._.js:10200:106)
    at http://localhost:3000/_next/static/chunks/node_modules_next_dist_compiled_react-dom_096_9a-._.js:10274:158
[  209301ms] [LOG] %c%s%c prisma:query background: #e6e6e6;background: light-dark(rgba(0,0,0,0.1), rgba(255,255,255,0.25));color: #000000;color: light-dark(#000000, #ffffff);border-radius: 2px  Server   SELECT `Bill`.`id`, `Bill`.`billDate`, `Bill`.`totalAmount`, `Bill`.`ncplUnits`, `Bill`.`connectionId` FROM `Bill` WHERE (`Bill`.`status` = ? AND `Bill`.`billDate` >= ?) @ http://localhost:3000/_next/static/chunks/node_modules_next_dist_1ybzpk2._.js:2477
[  209302ms] [LOG] %c%s%c prisma:query background: #e6e6e6;background: light-dark(rgba(0,0,0,0.1), rgba(255,255,255,0.25));color: #000000;color: light-dark(#000000, #ffffff);border-radius: 2px  Server   SELECT `Connection`.`id`, `Connection`.`tower`, `Connection`.`flatNo` FROM `Connection` WHERE `Connection`.`id` IN (?,?,?,?) @ http://localhost:3000/_next/static/chunks/node_modules_next_dist_1ybzpk2._.js:2477
[  209302ms] [LOG] %c%s%c prisma:query background: #e6e6e6;background: light-dark(rgba(0,0,0,0.1), rgba(255,255,255,0.25));color: #000000;color: light-dark(#000000, #ffffff);border-radius: 2px  Server   SELECT `Bill`.`id`, `Bill`.`billNumber`, `Bill`.`dueDate`, `Bill`.`totalAmount`, `Bill`.`connectionId` FROM `Bill` WHERE `Bill`.`status` = ? ORDER BY `Bill`.`dueDate` ASC @ http://localhost:3000/_next/static/chunks/node_modules_next_dist_1ybzpk2._.js:2477
[  209302ms] [LOG] %c%s%c prisma:query background: #e6e6e6;background: light-dark(rgba(0,0,0,0.1), rgba(255,255,255,0.25));color: #000000;color: light-dark(#000000, #ffffff);border-radius: 2px  Server   SELECT `Connection`.`id`, `Connection`.`residentId`, `Connection`.`tower`, `Connection`.`floor`, `Connection`.`flatNo`, `Connection`.`unitType`, `Connection`.`unitArea`, `Connection`.`meterNo`, `Connection`.`sanctionedLoad`, `Connection`.`status`, `Connection`.`connectedAt` FROM `Connection` WHERE `Connection`.`id` IN (NULL) @ http://localhost:3000/_next/static/chunks/node_modules_next_dist_1ybzpk2._.js:2477
[  209302ms] [LOG] %c%s%c prisma:query background: #e6e6e6;background: light-dark(rgba(0,0,0,0.1), rgba(255,255,255,0.25));color: #000000;color: light-dark(#000000, #ffffff);border-radius: 2px  Server   SELECT `Resident`.`id`, `Resident`.`userId`, `Resident`.`residentNumber`, `Resident`.`phone`, `Resident`.`createdAt` FROM `Resident` WHERE `Resident`.`id` IN (NULL) @ http://localhost:3000/_next/static/chunks/node_modules_next_dist_1ybzpk2._.js:2477
[  209359ms] [LOG] %c%s%c prisma:query background: #e6e6e6;background: light-dark(rgba(0,0,0,0.1), rgba(255,255,255,0.25));color: #000000;color: light-dark(#000000, #ffffff);border-radius: 2px  Server   SELECT `User`.`id`, `User`.`name` FROM `User` WHERE `User`.`id` IN (NULL) @ http://localhost:3000/_next/static/chunks/node_modules_next_dist_1ybzpk2._.js:2477
[  209360ms] [LOG] %c%s%c prisma:query background: #e6e6e6;background: light-dark(rgba(0,0,0,0.1), rgba(255,255,255,0.25));color: #000000;color: light-dark(#000000, #ffffff);border-radius: 2px  Server   SELECT `Bill`.`id`, `Bill`.`billNumber`, `Bill`.`billDate`, `Bill`.`dueDate`, `Bill`.`totalAmount`, `Bill`.`status`, `Bill`.`connectionId` FROM `Bill` WHERE 1=1 ORDER BY `Bill`.`billDate` DESC LIMIT ? OFFSET ? @ http://localhost:3000/_next/static/chunks/node_modules_next_dist_1ybzpk2._.js:2477
[  209360ms] [LOG] %c%s%c prisma:query background: #e6e6e6;background: light-dark(rgba(0,0,0,0.1), rgba(255,255,255,0.25));color: #000000;color: light-dark(#000000, #ffffff);border-radius: 2px  Server   SELECT `Connection`.`id`, `Connection`.`flatNo`, `Connection`.`tower`, `Connection`.`residentId` FROM `Connection` WHERE `Connection`.`id` IN (?,?,?,?) @ http://localhost:3000/_next/static/chunks/node_modules_next_dist_1ybzpk2._.js:2477
[  209360ms] [LOG] %c%s%c prisma:query background: #e6e6e6;background: light-dark(rgba(0,0,0,0.1), rgba(255,255,255,0.25));color: #000000;color: light-dark(#000000, #ffffff);border-radius: 2px  Server   SELECT `Resident`.`id`, `Resident`.`userId`, `Resident`.`residentNumber`, `Resident`.`phone`, `Resident`.`createdAt` FROM `Resident` WHERE `Resident`.`id` IN (?,?,?) @ http://localhost:3000/_next/static/chunks/node_modules_next_dist_1ybzpk2._.js:2477
[  209360ms] [LOG] %c%s%c prisma:query background: #e6e6e6;background: light-dark(rgba(0,0,0,0.1), rgba(255,255,255,0.25));color: #000000;color: light-dark(#000000, #ffffff);border-radius: 2px  Server   SELECT `User`.`id`, `User`.`name` FROM `User` WHERE `User`.`id` IN (?,?,?) @ http://localhost:3000/_next/static/chunks/node_modules_next_dist_1ybzpk2._.js:2477
[  209360ms] [LOG] %c%s%c prisma:query background: #e6e6e6;background: light-dark(rgba(0,0,0,0.1), rgba(255,255,255,0.25));color: #000000;color: light-dark(#000000, #ffffff);border-radius: 2px  Server   SELECT SUM(`totalAmount`) AS `_sum$totalAmount` FROM (SELECT `Bill`.`totalAmount` FROM `Bill` WHERE `Bill`.`status` = ?) AS `sub` @ http://localhost:3000/_next/static/chunks/node_modules_next_dist_1ybzpk2._.js:2477
[  209360ms] [LOG] %c%s%c prisma:query background: #e6e6e6;background: light-dark(rgba(0,0,0,0.1), rgba(255,255,255,0.25));color: #000000;color: light-dark(#000000, #ffffff);border-radius: 2px  Server   SELECT COUNT(*) AS `_count$_all` FROM (SELECT `Bill`.`id` FROM `Bill` WHERE 1=1) AS `sub` @ http://localhost:3000/_next/static/chunks/node_modules_next_dist_1ybzpk2._.js:2477
[  209360ms] [LOG] %c%s%c prisma:query background: #e6e6e6;background: light-dark(rgba(0,0,0,0.1), rgba(255,255,255,0.25));color: #000000;color: light-dark(#000000, #ffffff);border-radius: 2px  Server   SELECT COUNT(*) AS `_count$_all` FROM (SELECT `Resident`.`id` FROM `Resident` WHERE 1=1) AS `sub` @ http://localhost:3000/_next/static/chunks/node_modules_next_dist_1ybzpk2._.js:2477
[  209379ms] [LOG] [Fast Refresh] rebuilding @ http://localhost:3000/_next/static/chunks/node_modules_next_dist_1ybzpk2._.js:2477
[  209595ms] [LOG] [Fast Refresh] done in 319ms @ http://localhost:3000/_next/static/chunks/node_modules_next_dist_1ybzpk2._.js:2477
[  213809ms] [LOG] [Fast Refresh] rebuilding @ http://localhost:3000/_next/static/chunks/node_modules_next_dist_1ybzpk2._.js:2477
[  213935ms] [WARNING] [Fast Refresh] performing full reload because your application had an unrecoverable error @ http://localhost:3000/_next/static/chunks/node_modules_next_dist_1ybzpk2._.js:2477
[  213939ms] [ERROR] Encountered a script tag while rendering React component. Scripts inside React components are never executed when rendering on the client. Consider using template tag instead (https://developer.mozilla.org/en-US/docs/Web/HTML/Element/template). @ http://localhost:3000/_next/static/chunks/node_modules_next_dist_1ybzpk2._.js:3318
[  213986ms] ReferenceError: pdfLoading is not defined
    at ReportsClient (http://localhost:3000/_next/static/chunks/components_0v34k8o._.js?id=%255Bproject%255D%252Fcomponents%252Fadmin%252Freports-client.tsx+%255Bapp-client%255D+%2528ecmascript%2529:377:55)
    at Object.react_stack_bottom_frame (http://localhost:3000/_next/static/chunks/node_modules_next_dist_compiled_react-dom_096_9a-._.js:15037:24)
    at renderWithHooks (http://localhost:3000/_next/static/chunks/node_modules_next_dist_compiled_react-dom_096_9a-._.js:4620:24)
    at updateFunctionComponent (http://localhost:3000/_next/static/chunks/node_modules_next_dist_compiled_react-dom_096_9a-._.js:6081:21)
    at beginWork (http://localhost:3000/_next/static/chunks/node_modules_next_dist_compiled_react-dom_096_9a-._.js:6665:639)
    at runWithFiberInDEV (http://localhost:3000/_next/static/chunks/node_modules_next_dist_compiled_react-dom_096_9a-._.js:965:74)
    at performUnitOfWork (http://localhost:3000/_next/static/chunks/node_modules_next_dist_compiled_react-dom_096_9a-._.js:9555:97)
    at workLoopSync (http://localhost:3000/_next/static/chunks/node_modules_next_dist_compiled_react-dom_096_9a-._.js:9449:40)
    at renderRootSync (http://localhost:3000/_next/static/chunks/node_modules_next_dist_compiled_react-dom_096_9a-._.js:9433:13)
    at performWorkOnRoot (http://localhost:3000/_next/static/chunks/node_modules_next_dist_compiled_react-dom_096_9a-._.js:9098:47)
    at performSyncWorkOnRoot (http://localhost:3000/_next/static/chunks/node_modules_next_dist_compiled_react-dom_096_9a-._.js:10263:9)
    at flushSyncWorkAcrossRoots_impl (http://localhost:3000/_next/static/chunks/node_modules_next_dist_compiled_react-dom_096_9a-._.js:10179:316)
    at flushSyncWork$1 (http://localhost:3000/_next/static/chunks/node_modules_next_dist_compiled_react-dom_096_9a-._.js:9230:86)
    at Object.scheduleRefresh (http://localhost:3000/_next/static/chunks/node_modules_next_dist_compiled_react-dom_096_9a-._.js:299:13)
    at http://localhost:3000/_next/static/chunks/node_modules_next_dist_compiled_1amofcm._.js:391:33
    at Set.forEach (<anonymous>)
    at Object.performReactRefresh (http://localhost:3000/_next/static/chunks/node_modules_next_dist_compiled_1amofcm._.js:384:38)
    at applyUpdate (http://localhost:3000/_next/static/chunks/node_modules_next_dist_compiled_1amofcm._.js:878:31)
    at http://localhost:3000/_next/static/chunks/node_modules_next_dist_compiled_1amofcm._.js:886:13
[  213989ms] [LOG] [Fast Refresh] done in 255ms @ http://localhost:3000/_next/static/chunks/node_modules_next_dist_1ybzpk2._.js:2477
[  214272ms] [LOG] [Fast Refresh] rebuilding @ http://localhost:3000/_next/static/chunks/node_modules_next_dist_1ybzpk2._.js:2477
[  214569ms] [LOG] [Fast Refresh] done in 398ms @ http://localhost:3000/_next/static/chunks/node_modules_next_dist_1ybzpk2._.js:2477
[  215114ms] [ERROR] Failed to load resource: the server responded with a status of 500 (Internal Server Error) @ http://localhost:3000/admin/reports:0
[  215238ms] [INFO] %cDownload the React DevTools for a better development experience: https://react.dev/link/react-devtools font-weight:bold @ http://localhost:3000/_next/static/chunks/node_modules_next_dist_1ybzpk2._.js:2477
[  215274ms] [LOG] [HMR] connected @ http://localhost:3000/_next/static/chunks/node_modules_next_dist_1ybzpk2._.js:2477
[  215285ms] [LOG] %c%s%c prisma:query background: #e6e6e6;background: light-dark(rgba(0,0,0,0.1), rgba(255,255,255,0.25));color: #000000;color: light-dark(#000000, #ffffff);border-radius: 2px  Server   SELECT `Bill`.`id`, `Bill`.`billDate`, `Bill`.`totalAmount`, `Bill`.`ncplUnits`, `Bill`.`connectionId` FROM `Bill` WHERE (`Bill`.`status` = ? AND `Bill`.`billDate` >= ?) @ http://localhost:3000/_next/static/chunks/node_modules_next_dist_1ybzpk2._.js:2477
[  215286ms] [LOG] %c%s%c prisma:query background: #e6e6e6;background: light-dark(rgba(0,0,0,0.1), rgba(255,255,255,0.25));color: #000000;color: light-dark(#000000, #ffffff);border-radius: 2px  Server   SELECT `Connection`.`id`, `Connection`.`tower`, `Connection`.`flatNo` FROM `Connection` WHERE `Connection`.`id` IN (?,?,?,?) @ http://localhost:3000/_next/static/chunks/node_modules_next_dist_1ybzpk2._.js:2477
[  215287ms] [LOG] %c%s%c prisma:query background: #e6e6e6;background: light-dark(rgba(0,0,0,0.1), rgba(255,255,255,0.25));color: #000000;color: light-dark(#000000, #ffffff);border-radius: 2px  Server   SELECT `Bill`.`id`, `Bill`.`billNumber`, `Bill`.`dueDate`, `Bill`.`totalAmount`, `Bill`.`connectionId` FROM `Bill` WHERE `Bill`.`status` = ? ORDER BY `Bill`.`dueDate` ASC @ http://localhost:3000/_next/static/chunks/node_modules_next_dist_1ybzpk2._.js:2477
[  215287ms] [LOG] %c%s%c prisma:query background: #e6e6e6;background: light-dark(rgba(0,0,0,0.1), rgba(255,255,255,0.25));color: #000000;color: light-dark(#000000, #ffffff);border-radius: 2px  Server   SELECT `Connection`.`id`, `Connection`.`residentId`, `Connection`.`tower`, `Connection`.`floor`, `Connection`.`flatNo`, `Connection`.`unitType`, `Connection`.`unitArea`, `Connection`.`meterNo`, `Connection`.`sanctionedLoad`, `Connection`.`status`, `Connection`.`connectedAt` FROM `Connection` WHERE `Connection`.`id` IN (NULL) @ http://localhost:3000/_next/static/chunks/node_modules_next_dist_1ybzpk2._.js:2477
[  215287ms] [LOG] %c%s%c prisma:query background: #e6e6e6;background: light-dark(rgba(0,0,0,0.1), rgba(255,255,255,0.25));color: #000000;color: light-dark(#000000, #ffffff);border-radius: 2px  Server   SELECT `Resident`.`id`, `Resident`.`userId`, `Resident`.`residentNumber`, `Resident`.`phone`, `Resident`.`createdAt` FROM `Resident` WHERE `Resident`.`id` IN (NULL) @ http://localhost:3000/_next/static/chunks/node_modules_next_dist_1ybzpk2._.js:2477
[  215289ms] [LOG] %c%s%c prisma:query background: #e6e6e6;background: light-dark(rgba(0,0,0,0.1), rgba(255,255,255,0.25));color: #000000;color: light-dark(#000000, #ffffff);border-radius: 2px  Server   SELECT `User`.`id`, `User`.`name` FROM `User` WHERE `User`.`id` IN (NULL) @ http://localhost:3000/_next/static/chunks/node_modules_next_dist_1ybzpk2._.js:2477
[  215290ms] [LOG] %c%s%c prisma:query background: #e6e6e6;background: light-dark(rgba(0,0,0,0.1), rgba(255,255,255,0.25));color: #000000;color: light-dark(#000000, #ffffff);border-radius: 2px  Server   SELECT `Bill`.`id`, `Bill`.`billNumber`, `Bill`.`billDate`, `Bill`.`dueDate`, `Bill`.`totalAmount`, `Bill`.`status`, `Bill`.`connectionId` FROM `Bill` WHERE 1=1 ORDER BY `Bill`.`billDate` DESC LIMIT ? OFFSET ? @ http://localhost:3000/_next/static/chunks/node_modules_next_dist_1ybzpk2._.js:2477
[  215290ms] [LOG] %c%s%c prisma:query background: #e6e6e6;background: light-dark(rgba(0,0,0,0.1), rgba(255,255,255,0.25));color: #000000;color: light-dark(#000000, #ffffff);border-radius: 2px  Server   SELECT `Connection`.`id`, `Connection`.`flatNo`, `Connection`.`tower`, `Connection`.`residentId` FROM `Connection` WHERE `Connection`.`id` IN (?,?,?,?) @ http://localhost:3000/_next/static/chunks/node_modules_next_dist_1ybzpk2._.js:2477
[  215290ms] [LOG] %c%s%c prisma:query background: #e6e6e6;background: light-dark(rgba(0,0,0,0.1), rgba(255,255,255,0.25));color: #000000;color: light-dark(#000000, #ffffff);border-radius: 2px  Server   SELECT `Resident`.`id`, `Resident`.`userId`, `Resident`.`residentNumber`, `Resident`.`phone`, `Resident`.`createdAt` FROM `Resident` WHERE `Resident`.`id` IN (?,?,?) @ http://localhost:3000/_next/static/chunks/node_modules_next_dist_1ybzpk2._.js:2477
[  215290ms] [LOG] %c%s%c prisma:query background: #e6e6e6;background: light-dark(rgba(0,0,0,0.1), rgba(255,255,255,0.25));color: #000000;color: light-dark(#000000, #ffffff);border-radius: 2px  Server   SELECT `User`.`id`, `User`.`name` FROM `User` WHERE `User`.`id` IN (?,?,?) @ http://localhost:3000/_next/static/chunks/node_modules_next_dist_1ybzpk2._.js:2477
[  215291ms] [LOG] %c%s%c prisma:query background: #e6e6e6;background: light-dark(rgba(0,0,0,0.1), rgba(255,255,255,0.25));color: #000000;color: light-dark(#000000, #ffffff);border-radius: 2px  Server   SELECT SUM(`totalAmount`) AS `_sum$totalAmount` FROM (SELECT `Bill`.`totalAmount` FROM `Bill` WHERE `Bill`.`status` = ?) AS `sub` @ http://localhost:3000/_next/static/chunks/node_modules_next_dist_1ybzpk2._.js:2477
[  215291ms] [LOG] %c%s%c prisma:query background: #e6e6e6;background: light-dark(rgba(0,0,0,0.1), rgba(255,255,255,0.25));color: #000000;color: light-dark(#000000, #ffffff);border-radius: 2px  Server   SELECT COUNT(*) AS `_count$_all` FROM (SELECT `Bill`.`id` FROM `Bill` WHERE 1=1) AS `sub` @ http://localhost:3000/_next/static/chunks/node_modules_next_dist_1ybzpk2._.js:2477
[  215291ms] [LOG] %c%s%c prisma:query background: #e6e6e6;background: light-dark(rgba(0,0,0,0.1), rgba(255,255,255,0.25));color: #000000;color: light-dark(#000000, #ffffff);border-radius: 2px  Server   SELECT COUNT(*) AS `_count$_all` FROM (SELECT `Resident`.`id` FROM `Resident` WHERE 1=1) AS `sub` @ http://localhost:3000/_next/static/chunks/node_modules_next_dist_1ybzpk2._.js:2477
[  215310ms] [ERROR] Encountered a script tag while rendering React component. Scripts inside React components are never executed when rendering on the client. Consider using template tag instead (https://developer.mozilla.org/en-US/docs/Web/HTML/Element/template). @ http://localhost:3000/_next/static/chunks/node_modules_next_dist_1ybzpk2._.js:3318
[  215522ms] ReferenceError: pdfLoading is not defined
    at ReportsClient (http://localhost:3000/_next/static/chunks/components_0v34k8o._.js:594:55)
    at Object.react_stack_bottom_frame (http://localhost:3000/_next/static/chunks/node_modules_next_dist_compiled_react-dom_096_9a-._.js:15037:24)
    at renderWithHooks (http://localhost:3000/_next/static/chunks/node_modules_next_dist_compiled_react-dom_096_9a-._.js:4620:24)
    at updateFunctionComponent (http://localhost:3000/_next/static/chunks/node_modules_next_dist_compiled_react-dom_096_9a-._.js:6081:21)
    at beginWork (http://localhost:3000/_next/static/chunks/node_modules_next_dist_compiled_react-dom_096_9a-._.js:6665:639)
    at runWithFiberInDEV (http://localhost:3000/_next/static/chunks/node_modules_next_dist_compiled_react-dom_096_9a-._.js:965:74)
    at performUnitOfWork (http://localhost:3000/_next/static/chunks/node_modules_next_dist_compiled_react-dom_096_9a-._.js:9555:97)
    at workLoopSync (http://localhost:3000/_next/static/chunks/node_modules_next_dist_compiled_react-dom_096_9a-._.js:9449:40)
    at renderRootSync (http://localhost:3000/_next/static/chunks/node_modules_next_dist_compiled_react-dom_096_9a-._.js:9433:13)
    at performWorkOnRoot (http://localhost:3000/_next/static/chunks/node_modules_next_dist_compiled_react-dom_096_9a-._.js:9098:47)
    at performWorkOnRootViaSchedulerTask (http://localhost:3000/_next/static/chunks/node_modules_next_dist_compiled_react-dom_096_9a-._.js:10255:9)
    at MessagePort.performWorkUntilDeadline (http://localhost:3000/_next/static/chunks/node_modules_next_dist_compiled_1amofcm._.js:2647:64)
[  219763ms] [LOG] [Fast Refresh] rebuilding @ http://localhost:3000/_next/static/chunks/node_modules_next_dist_1ybzpk2._.js:2477
[  219825ms] [WARNING] [Fast Refresh] performing full reload because your application had an unrecoverable error @ http://localhost:3000/_next/static/chunks/node_modules_next_dist_1ybzpk2._.js:2477
[  219828ms] [LOG] [Fast Refresh] done in 170ms @ http://localhost:3000/_next/static/chunks/node_modules_next_dist_1ybzpk2._.js:2477
[  220032ms] [LOG] [Fast Refresh] rebuilding @ http://localhost:3000/_next/static/chunks/node_modules_next_dist_1ybzpk2._.js:2477
[  220318ms] [LOG] [Fast Refresh] done in 398ms @ http://localhost:3000/_next/static/chunks/node_modules_next_dist_1ybzpk2._.js:2477
[  220913ms] [INFO] %cDownload the React DevTools for a better development experience: https://react.dev/link/react-devtools font-weight:bold @ http://localhost:3000/_next/static/chunks/node_modules_next_dist_1ybzpk2._.js:2477
[  220936ms] [LOG] [HMR] connected @ http://localhost:3000/_next/static/chunks/node_modules_next_dist_1ybzpk2._.js:2477
[  220959ms] [LOG] %c%s%c prisma:query background: #e6e6e6;background: light-dark(rgba(0,0,0,0.1), rgba(255,255,255,0.25));color: #000000;color: light-dark(#000000, #ffffff);border-radius: 2px  Server   SELECT `Bill`.`id`, `Bill`.`billDate`, `Bill`.`totalAmount`, `Bill`.`ncplUnits`, `Bill`.`connectionId` FROM `Bill` WHERE (`Bill`.`status` = ? AND `Bill`.`billDate` >= ?) @ http://localhost:3000/_next/static/chunks/node_modules_next_dist_1ybzpk2._.js:2477
[  220960ms] [LOG] %c%s%c prisma:query background: #e6e6e6;background: light-dark(rgba(0,0,0,0.1), rgba(255,255,255,0.25));color: #000000;color: light-dark(#000000, #ffffff);border-radius: 2px  Server   SELECT `Connection`.`id`, `Connection`.`tower`, `Connection`.`flatNo` FROM `Connection` WHERE `Connection`.`id` IN (?,?,?,?) @ http://localhost:3000/_next/static/chunks/node_modules_next_dist_1ybzpk2._.js:2477
[  220960ms] [LOG] %c%s%c prisma:query background: #e6e6e6;background: light-dark(rgba(0,0,0,0.1), rgba(255,255,255,0.25));color: #000000;color: light-dark(#000000, #ffffff);border-radius: 2px  Server   SELECT `Bill`.`id`, `Bill`.`billNumber`, `Bill`.`dueDate`, `Bill`.`totalAmount`, `Bill`.`connectionId` FROM `Bill` WHERE `Bill`.`status` = ? ORDER BY `Bill`.`dueDate` ASC @ http://localhost:3000/_next/static/chunks/node_modules_next_dist_1ybzpk2._.js:2477
[  220960ms] [LOG] %c%s%c prisma:query background: #e6e6e6;background: light-dark(rgba(0,0,0,0.1), rgba(255,255,255,0.25));color: #000000;color: light-dark(#000000, #ffffff);border-radius: 2px  Server   SELECT `Connection`.`id`, `Connection`.`residentId`, `Connection`.`tower`, `Connection`.`floor`, `Connection`.`flatNo`, `Connection`.`unitType`, `Connection`.`unitArea`, `Connection`.`meterNo`, `Connection`.`sanctionedLoad`, `Connection`.`status`, `Connection`.`connectedAt` FROM `Connection` WHERE `Connection`.`id` IN (NULL) @ http://localhost:3000/_next/static/chunks/node_modules_next_dist_1ybzpk2._.js:2477
[  220960ms] [LOG] %c%s%c prisma:query background: #e6e6e6;background: light-dark(rgba(0,0,0,0.1), rgba(255,255,255,0.25));color: #000000;color: light-dark(#000000, #ffffff);border-radius: 2px  Server   SELECT `Resident`.`id`, `Resident`.`userId`, `Resident`.`residentNumber`, `Resident`.`phone`, `Resident`.`createdAt` FROM `Resident` WHERE `Resident`.`id` IN (NULL) @ http://localhost:3000/_next/static/chunks/node_modules_next_dist_1ybzpk2._.js:2477
[  220961ms] [LOG] %c%s%c prisma:query background: #e6e6e6;background: light-dark(rgba(0,0,0,0.1), rgba(255,255,255,0.25));color: #000000;color: light-dark(#000000, #ffffff);border-radius: 2px  Server   SELECT `User`.`id`, `User`.`name` FROM `User` WHERE `User`.`id` IN (NULL) @ http://localhost:3000/_next/static/chunks/node_modules_next_dist_1ybzpk2._.js:2477
[  220961ms] [LOG] %c%s%c prisma:query background: #e6e6e6;background: light-dark(rgba(0,0,0,0.1), rgba(255,255,255,0.25));color: #000000;color: light-dark(#000000, #ffffff);border-radius: 2px  Server   SELECT `Bill`.`id`, `Bill`.`billNumber`, `Bill`.`billDate`, `Bill`.`dueDate`, `Bill`.`totalAmount`, `Bill`.`status`, `Bill`.`connectionId` FROM `Bill` WHERE 1=1 ORDER BY `Bill`.`billDate` DESC LIMIT ? OFFSET ? @ http://localhost:3000/_next/static/chunks/node_modules_next_dist_1ybzpk2._.js:2477
[  220961ms] [LOG] %c%s%c prisma:query background: #e6e6e6;background: light-dark(rgba(0,0,0,0.1), rgba(255,255,255,0.25));color: #000000;color: light-dark(#000000, #ffffff);border-radius: 2px  Server   SELECT `Connection`.`id`, `Connection`.`flatNo`, `Connection`.`tower`, `Connection`.`residentId` FROM `Connection` WHERE `Connection`.`id` IN (?,?,?,?) @ http://localhost:3000/_next/static/chunks/node_modules_next_dist_1ybzpk2._.js:2477
[  220961ms] [LOG] %c%s%c prisma:query background: #e6e6e6;background: light-dark(rgba(0,0,0,0.1), rgba(255,255,255,0.25));color: #000000;color: light-dark(#000000, #ffffff);border-radius: 2px  Server   SELECT `Resident`.`id`, `Resident`.`userId`, `Resident`.`residentNumber`, `Resident`.`phone`, `Resident`.`createdAt` FROM `Resident` WHERE `Resident`.`id` IN (?,?,?) @ http://localhost:3000/_next/static/chunks/node_modules_next_dist_1ybzpk2._.js:2477
[  220961ms] [LOG] %c%s%c prisma:query background: #e6e6e6;background: light-dark(rgba(0,0,0,0.1), rgba(255,255,255,0.25));color: #000000;color: light-dark(#000000, #ffffff);border-radius: 2px  Server   SELECT `User`.`id`, `User`.`name` FROM `User` WHERE `User`.`id` IN (?,?,?) @ http://localhost:3000/_next/static/chunks/node_modules_next_dist_1ybzpk2._.js:2477
[  220961ms] [LOG] %c%s%c prisma:query background: #e6e6e6;background: light-dark(rgba(0,0,0,0.1), rgba(255,255,255,0.25));color: #000000;color: light-dark(#000000, #ffffff);border-radius: 2px  Server   SELECT SUM(`totalAmount`) AS `_sum$totalAmount` FROM (SELECT `Bill`.`totalAmount` FROM `Bill` WHERE `Bill`.`status` = ?) AS `sub` @ http://localhost:3000/_next/static/chunks/node_modules_next_dist_1ybzpk2._.js:2477
[  220961ms] [LOG] %c%s%c prisma:query background: #e6e6e6;background: light-dark(rgba(0,0,0,0.1), rgba(255,255,255,0.25));color: #000000;color: light-dark(#000000, #ffffff);border-radius: 2px  Server   SELECT COUNT(*) AS `_count$_all` FROM (SELECT `Bill`.`id` FROM `Bill` WHERE 1=1) AS `sub` @ http://localhost:3000/_next/static/chunks/node_modules_next_dist_1ybzpk2._.js:2477
[  220961ms] [LOG] %c%s%c prisma:query background: #e6e6e6;background: light-dark(rgba(0,0,0,0.1), rgba(255,255,255,0.25));color: #000000;color: light-dark(#000000, #ffffff);border-radius: 2px  Server   SELECT COUNT(*) AS `_count$_all` FROM (SELECT `Resident`.`id` FROM `Resident` WHERE 1=1) AS `sub` @ http://localhost:3000/_next/static/chunks/node_modules_next_dist_1ybzpk2._.js:2477
