[     129ms] [VERBOSE] [DOM] Input elements should have autocomplete attributes (suggested: "current-password"): (More info: https://goo.gl/9p2vKq) %o @ http://localhost:3000/login:0
[     258ms] [INFO] %cDownload the React DevTools for a better development experience: https://react.dev/link/react-devtools font-weight:bold @ http://localhost:3000/_next/static/chunks/node_modules_next_dist_1ybzpk2._.js:2477
[     350ms] [LOG] [HMR] connected @ http://localhost:3000/_next/static/chunks/node_modules_next_dist_1ybzpk2._.js:2477
[   14644ms] [LOG] [Fast Refresh] rebuilding @ http://localhost:3000/_next/static/chunks/node_modules_next_dist_1ybzpk2._.js:2477
[   15785ms] [LOG] [Fast Refresh] done in 1245ms @ http://localhost:3000/_next/static/chunks/node_modules_next_dist_1ybzpk2._.js:2477
[   16741ms] [LOG] [Fast Refresh] rebuilding @ http://localhost:3000/_next/static/chunks/node_modules_next_dist_1ybzpk2._.js:2477
[   16939ms] [LOG] [Fast Refresh] done in 307ms @ http://localhost:3000/_next/static/chunks/node_modules_next_dist_1ybzpk2._.js:2477
[   17059ms] [LOG] [Fast Refresh] rebuilding @ http://localhost:3000/_next/static/chunks/node_modules_next_dist_1ybzpk2._.js:2477
[   17077ms] [LOG] [Fast Refresh] done in 124ms @ http://localhost:3000/_next/static/chunks/node_modules_next_dist_1ybzpk2._.js:2477
[   17561ms] [LOG] [Fast Refresh] rebuilding @ http://localhost:3000/_next/static/chunks/node_modules_next_dist_1ybzpk2._.js:2477
[   18609ms] [LOG] [Fast Refresh] done in 1150ms @ http://localhost:3000/_next/static/chunks/node_modules_next_dist_1ybzpk2._.js:2477
[   18642ms] [LOG] %c%s%c prisma:query background: #e6e6e6;background: light-dark(rgba(0,0,0,0.1), rgba(255,255,255,0.25));color: #000000;color: light-dark(#000000, #ffffff);border-radius: 2px  Server   SELECT COUNT(*) AS `_count$_all` FROM (SELECT `Resident`.`id` FROM `Resident` WHERE 1=1) AS `sub` @ http://localhost:3000/_next/static/chunks/node_modules_next_dist_1ybzpk2._.js:2477
[   18643ms] [LOG] %c%s%c prisma:query background: #e6e6e6;background: light-dark(rgba(0,0,0,0.1), rgba(255,255,255,0.25));color: #000000;color: light-dark(#000000, #ffffff);border-radius: 2px  Server   SELECT COUNT(*) AS `_count$_all` FROM (SELECT `Connection`.`id` FROM `Connection` WHERE `Connection`.`status` = ?) AS `sub` @ http://localhost:3000/_next/static/chunks/node_modules_next_dist_1ybzpk2._.js:2477
[   18730ms] [LOG] %c%s%c prisma:query background: #e6e6e6;background: light-dark(rgba(0,0,0,0.1), rgba(255,255,255,0.25));color: #000000;color: light-dark(#000000, #ffffff);border-radius: 2px  Server   SELECT SUM(`totalAmount`) AS `_sum$totalAmount` FROM (SELECT `Bill`.`totalAmount` FROM `Bill` WHERE (`Bill`.`status` = ? AND `Bill`.`billDate` >= ?)) AS `sub` @ http://localhost:3000/_next/static/chunks/node_modules_next_dist_1ybzpk2._.js:2477
[   18731ms] [LOG] %c%s%c prisma:query background: #e6e6e6;background: light-dark(rgba(0,0,0,0.1), rgba(255,255,255,0.25));color: #000000;color: light-dark(#000000, #ffffff);border-radius: 2px  Server   SELECT `Bill`.`id`, `Bill`.`connectionId`, `Bill`.`meterReadingId`, `Bill`.`billNumber`, `Bill`.`billDate`, `Bill`.`dueDate`, `Bill`.`billingPeriodStart`, `Bill`.`billingPeriodEnd`, `Bill`.`ncplUnits`, `Bill`.`ratePerUnit`, `Bill`.`ncplCharge`, `Bill`.`dgCharge`, `Bill`.`fixedCharge`, `Bill`.`previousDues`, `Bill`.`totalAmount`, `Bill`.`status`, `Bill`.`createdAt` FROM `Bill` WHERE 1=1 ORDER BY `Bill`.`createdAt` DESC LIMIT ? OFFSET ? @ http://localhost:3000/_next/static/chunks/node_modules_next_dist_1ybzpk2._.js:2477
[   18731ms] [LOG] %c%s%c prisma:query background: #e6e6e6;background: light-dark(rgba(0,0,0,0.1), rgba(255,255,255,0.25));color: #000000;color: light-dark(#000000, #ffffff);border-radius: 2px  Server   SELECT COUNT(*) AS `_count$_all` FROM (SELECT `Bill`.`id` FROM `Bill` WHERE `Bill`.`status` = ?) AS `sub` @ http://localhost:3000/_next/static/chunks/node_modules_next_dist_1ybzpk2._.js:2477
[   18731ms] [LOG] %c%s%c prisma:query background: #e6e6e6;background: light-dark(rgba(0,0,0,0.1), rgba(255,255,255,0.25));color: #000000;color: light-dark(#000000, #ffffff);border-radius: 2px  Server   SELECT COUNT(*) AS `_count$_all` FROM (SELECT `Bill`.`id` FROM `Bill` WHERE `Bill`.`billDate` >= ?) AS `sub` @ http://localhost:3000/_next/static/chunks/node_modules_next_dist_1ybzpk2._.js:2477
[   18731ms] [LOG] %c%s%c prisma:query background: #e6e6e6;background: light-dark(rgba(0,0,0,0.1), rgba(255,255,255,0.25));color: #000000;color: light-dark(#000000, #ffffff);border-radius: 2px  Server   SELECT `Connection`.`id`, `Connection`.`residentId`, `Connection`.`tower`, `Connection`.`floor`, `Connection`.`flatNo`, `Connection`.`unitType`, `Connection`.`unitArea`, `Connection`.`meterNo`, `Connection`.`sanctionedLoad`, `Connection`.`status`, `Connection`.`connectedAt` FROM `Connection` WHERE `Connection`.`id` IN (NULL) @ http://localhost:3000/_next/static/chunks/node_modules_next_dist_1ybzpk2._.js:2477
[   18731ms] [LOG] %c%s%c prisma:query background: #e6e6e6;background: light-dark(rgba(0,0,0,0.1), rgba(255,255,255,0.25));color: #000000;color: light-dark(#000000, #ffffff);border-radius: 2px  Server   SELECT `Resident`.`id`, `Resident`.`userId`, `Resident`.`residentNumber`, `Resident`.`phone`, `Resident`.`createdAt` FROM `Resident` WHERE `Resident`.`id` IN (NULL) @ http://localhost:3000/_next/static/chunks/node_modules_next_dist_1ybzpk2._.js:2477
[   18731ms] [LOG] %c%s%c prisma:query background: #e6e6e6;background: light-dark(rgba(0,0,0,0.1), rgba(255,255,255,0.25));color: #000000;color: light-dark(#000000, #ffffff);border-radius: 2px  Server   SELECT `User`.`id`, `User`.`name`, `User`.`email`, `User`.`password`, `User`.`role`, `User`.`createdAt` FROM `User` WHERE `User`.`id` IN (NULL) @ http://localhost:3000/_next/static/chunks/node_modules_next_dist_1ybzpk2._.js:2477
